#
# A fatal error has been detected by the Java Runtime Environment:
#
#  EXCEPTION_ACCESS_VIOLATION (0xc0000005) at pc=0x000000006e378c57, pid=6264, tid=0x0000000000002604
#
# JRE version: Java(TM) SE Runtime Environment (8.0_191-b12) (build 1.8.0_191-b12)
# Java VM: Java HotSpot(TM) 64-Bit Server VM (25.191-b12 mixed mode windows-amd64 compressed oops)
# Problematic frame:
# V  [jvm.dll+0x148c57]
#
# Failed to write core dump. Minidumps are not enabled by default on client versions of Windows
#
# If you would like to submit a bug report, please visit:
#   http://bugreport.java.com/bugreport/crash.jsp
#

---------------  T H R E A D  ---------------

Current thread (0x000000001681a800):  JavaThread "AWT-EventQueue-0" [_thread_in_vm, id=9732, stack(0x0000000017cf0000,0x0000000017df0000)]

siginfo: ExceptionCode=0xc0000005, reading address 0x0000000000000000

Registers:
RAX=0x0000000000000000, RBX=0x000000001681a800, RCX=0x0000000000000a80, RDX=0x0000000000000000
RSP=0x0000000017dec7a0, RBP=0x0000000000000000, RSI=0x0000000000000000, RDI=0x0000000000000000
R8 =0x0000000000000062, R9 =0x0000000000000000, R10=0x000000006e9d7eb0, R11=0x0000000000000000
R12=0x0000000000000062, R13=0x0000000014bb9f00, R14=0x0000000000000000, R15=0x00000000167a6250
RIP=0x000000006e378c57, EFLAGS=0x0000000000010202

Top of Stack: (sp=0x0000000017dec7a0)
0x0000000017dec7a0:   ffffffffffffffff 0000000000000000
0x0000000017dec7b0:   0000000000000000 0000000000000000
0x0000000017dec7c0:   00000000027516a0 0000000000000000
0x0000000017dec7d0:   0000000000000000 0000000000000000
0x0000000017dec7e0:   0000000000000000 0000000000000000
0x0000000017dec7f0:   000000001681a9f8 00007ffe31655e57
0x0000000017dec800:   0000000000000000 0000000000000000
0x0000000017dec810:   0000000017deca60 000000001681a9f8
0x0000000017dec820:   0000000000000001 0000000000000001
0x0000000017dec830:   0000000000000000 0000000000000000
0x0000000017dec840:   0000000000000000 0000000000000000
0x0000000017dec850:   0000000014bb9f00 0000000000000000
0x0000000017dec860:   000000001681a9f8 0000000000000000
0x0000000017dec870:   0000000000000000 0000000000000000
0x0000000017dec880:   0000000000000000 0000000000000000
0x0000000017dec890:   0000000000000000 0000000017dec878 

Instructions: (pc=0x000000006e378c57)
0x000000006e378c37:   a9 00 00 00 30 74 08 48 8b cb e8 0a b0 0f 00 c7
0x000000006e378c47:   83 70 02 00 00 06 00 00 00 80 3d 4a be 6c 00 00
0x000000006e378c57:   48 8b 16 74 16 44 8b 4a 08 8b 0d 02 ec 65 00 49
0x000000006e378c67:   d3 e1 4c 03 0d f0 eb 65 00 eb 04 4c 8b 4a 08 49 


Register to memory mapping:

RAX=0x0000000000000000 is an unknown value
RBX=0x000000001681a800 is a thread
RCX=0x0000000000000a80 is an unknown value
RDX=0x0000000000000000 is an unknown value
RSP=0x0000000017dec7a0 is pointing into the stack for thread: 0x000000001681a800
RBP=0x0000000000000000 is an unknown value
RSI=0x0000000000000000 is an unknown value
RDI=0x0000000000000000 is an unknown value
R8 =0x0000000000000062 is an unknown value
R9 =0x0000000000000000 is an unknown value
R10=0x000000006e9d7eb0 is an unknown value
R11=0x0000000000000000 is an unknown value
R12=0x0000000000000062 is an unknown value
R13=0x0000000014bb9f00 is an unknown value
R14=0x0000000000000000 is an unknown value
R15=0x00000000167a6250 is an unknown value


Stack: [0x0000000017cf0000,0x0000000017df0000],  sp=0x0000000017dec7a0,  free space=1009k
Native frames: (J=compiled Java code, j=interpreted, Vv=VM code, C=native code)

Java frames: (J=compiled Java code, j=interpreted, Vv=VM code)
j  com.googlecode.javacv.cpp.opencv_objdetect$CascadeClassifier.detectMultiScale(Lcom/googlecode/javacv/cpp/opencv_core$CvArr;Lcom/googlecode/javacv/cpp/opencv_core$CvRect;DIILcom/googlecode/javacv/cpp/opencv_core$CvSize;Lcom/googlecode/javacv/cpp/opencv_core$CvSize;)V+0
j  ml.face.jButton2ActionPerformed(Ljava/awt/event/ActionEvent;)V+175
j  ml.face.access$500(Lml/face;Ljava/awt/event/ActionEvent;)V+2
j  ml.face$6.actionPerformed(Ljava/awt/event/ActionEvent;)V+5
j  javax.swing.AbstractButton.fireActionPerformed(Ljava/awt/event/ActionEvent;)V+83
j  javax.swing.AbstractButton$Handler.actionPerformed(Ljava/awt/event/ActionEvent;)V+5
j  javax.swing.DefaultButtonModel.fireActionPerformed(Ljava/awt/event/ActionEvent;)V+34
j  javax.swing.DefaultButtonModel.setPressed(Z)V+117
j  javax.swing.plaf.basic.BasicButtonListener.mouseReleased(Ljava/awt/event/MouseEvent;)V+35
j  java.awt.Component.processMouseEvent(Ljava/awt/event/MouseEvent;)V+64
j  javax.swing.JComponent.processMouseEvent(Ljava/awt/event/MouseEvent;)V+23
j  java.awt.Component.processEvent(Ljava/awt/AWTEvent;)V+81
j  java.awt.Container.processEvent(Ljava/awt/AWTEvent;)V+18
j  java.awt.Component.dispatchEventImpl(Ljava/awt/AWTEvent;)V+589
j  java.awt.Container.dispatchEventImpl(Ljava/awt/AWTEvent;)V+42
j  java.awt.Component.dispatchEvent(Ljava/awt/AWTEvent;)V+2
j  java.awt.LightweightDispatcher.retargetMouseEvent(Ljava/awt/Component;ILjava/awt/event/MouseEvent;)V+349
j  java.awt.LightweightDispatcher.processMouseEvent(Ljava/awt/event/MouseEvent;)Z+155
j  java.awt.LightweightDispatcher.dispatchEvent(Ljava/awt/AWTEvent;)Z+50
j  java.awt.Container.dispatchEventImpl(Ljava/awt/AWTEvent;)V+12
j  java.awt.Window.dispatchEventImpl(Ljava/awt/AWTEvent;)V+19
j  java.awt.Component.dispatchEvent(Ljava/awt/AWTEvent;)V+2
j  java.awt.EventQueue.dispatchEventImpl(Ljava/awt/AWTEvent;Ljava/lang/Object;)V+41
J 940 C1 java.awt.EventQueue$3.run()Ljava/lang/Void; (60 bytes) @ 0x0000000002a0f98c [0x0000000002a0f780+0x20c]
j  java.awt.EventQueue$3.run()Ljava/lang/Object;+1
v  ~StubRoutines::call_stub
J 803  java.security.AccessController.doPrivileged(Ljava/security/PrivilegedAction;Ljava/security/AccessControlContext;)Ljava/lang/Object; (0 bytes) @ 0x00000000029c3de6 [0x00000000029c3d80+0x66]
J 860 C1 java.security.ProtectionDomain$JavaSecurityAccessImpl.doIntersectionPrivilege(Ljava/security/PrivilegedAction;Ljava/security/AccessControlContext;Ljava/security/AccessControlContext;)Ljava/lang/Object; (22 bytes) @ 0x00000000029dd22c [0x00000000029dcdc0+0x46c]
j  java.security.ProtectionDomain$JavaSecurityAccessImpl.doIntersectionPrivilege(Ljava/security/PrivilegedAction;Ljava/security/AccessControlContext;)Ljava/lang/Object;+6
j  java.awt.EventQueue$4.run()Ljava/lang/Void;+11
j  java.awt.EventQueue$4.run()Ljava/lang/Object;+1
v  ~StubRoutines::call_stub
J 803  java.security.AccessController.doPrivileged(Ljava/security/PrivilegedAction;Ljava/security/AccessControlContext;)Ljava/lang/Object; (0 bytes) @ 0x00000000029c3de6 [0x00000000029c3d80+0x66]
J 938 C1 java.awt.EventQueue.dispatchEvent(Ljava/awt/AWTEvent;)V (80 bytes) @ 0x0000000002a0df7c [0x0000000002a0d100+0xe7c]
j  java.awt.EventDispatchThread.pumpOneEventForFilters(I)V+140
j  java.awt.EventDispatchThread.pumpEventsForFilter(ILjava/awt/Conditional;Ljava/awt/EventFilter;)V+35
j  java.awt.EventDispatchThread.pumpEventsForHierarchy(ILjava/awt/Conditional;Ljava/awt/Component;)V+11
j  java.awt.EventDispatchThread.pumpEvents(ILjava/awt/Conditional;)V+4
j  java.awt.EventDispatchThread.pumpEvents(Ljava/awt/Conditional;)V+3
j  java.awt.EventDispatchThread.run()V+9
v  ~StubRoutines::call_stub

---------------  P R O C E S S  ---------------

Java Threads: ( => current thread )
  0x00000000178fb800 JavaThread "TimerQueue" daemon [_thread_blocked, id=308, stack(0x00000000194e0000,0x00000000195e0000)]
  0x00000000025f2800 JavaThread "DestroyJavaVM" [_thread_blocked, id=10700, stack(0x0000000002480000,0x0000000002580000)]
=>0x000000001681a800 JavaThread "AWT-EventQueue-0" [_thread_in_vm, id=9732, stack(0x0000000017cf0000,0x0000000017df0000)]
  0x0000000016806000 JavaThread "AWT-Windows" daemon [_thread_in_native, id=6304, stack(0x0000000016e80000,0x0000000016f80000)]
  0x0000000016803800 JavaThread "AWT-Shutdown" [_thread_blocked, id=7544, stack(0x0000000016d80000,0x0000000016e80000)]
  0x0000000016802800 JavaThread "Java2D Disposer" daemon [_thread_blocked, id=10804, stack(0x0000000016c80000,0x0000000016d80000)]
  0x0000000016449000 JavaThread "Service Thread" daemon [_thread_blocked, id=10992, stack(0x0000000016940000,0x0000000016a40000)]
  0x0000000016448800 JavaThread "C1 CompilerThread2" daemon [_thread_blocked, id=9684, stack(0x0000000016840000,0x0000000016940000)]
  0x0000000014bfd800 JavaThread "C2 CompilerThread1" daemon [_thread_blocked, id=4260, stack(0x0000000016340000,0x0000000016440000)]
  0x0000000014bfa000 JavaThread "C2 CompilerThread0" daemon [_thread_blocked, id=10560, stack(0x0000000016240000,0x0000000016340000)]
  0x0000000014bf8800 JavaThread "Attach Listener" daemon [_thread_blocked, id=3476, stack(0x0000000016140000,0x0000000016240000)]
  0x0000000014bf7800 JavaThread "Signal Dispatcher" daemon [_thread_blocked, id=520, stack(0x0000000016040000,0x0000000016140000)]
  0x00000000026ed000 JavaThread "Finalizer" daemon [_thread_blocked, id=2008, stack(0x0000000015e50000,0x0000000015f50000)]
  0x0000000014bda000 JavaThread "Reference Handler" daemon [_thread_blocked, id=3468, stack(0x0000000015d50000,0x0000000015e50000)]

Other Threads:
  0x0000000014bb6800 VMThread [stack: 0x0000000015c50000,0x0000000015d50000] [id=8284]
  0x000000001644a000 WatcherThread [stack: 0x0000000016a40000,0x0000000016b40000] [id=3812]

VM state:not at safepoint (normal execution)

VM Mutex/Monitor currently owned by a thread: None

Heap:
 PSYoungGen      total 18432K, used 10281K [0x00000000ebb80000, 0x00000000ed000000, 0x0000000100000000)
  eden space 15872K, 48% used [0x00000000ebb80000,0x00000000ec30e7f0,0x00000000ecb00000)
  from space 2560K, 99% used [0x00000000ecb00000,0x00000000ecd7bc20,0x00000000ecd80000)
  to   space 2560K, 0% used [0x00000000ecd80000,0x00000000ecd80000,0x00000000ed000000)
 ParOldGen       total 42496K, used 11710K [0x00000000c3200000, 0x00000000c5b80000, 0x00000000ebb80000)
  object space 42496K, 27% used [0x00000000c3200000,0x00000000c3d6f878,0x00000000c5b80000)
 Metaspace       used 14163K, capacity 14332K, committed 14464K, reserved 1062912K
  class space    used 1773K, capacity 1832K, committed 1920K, reserved 1048576K

Card table byte_map: [0x0000000011ab0000,0x0000000011ca0000] byte_map_base: 0x0000000011497000

Marking Bits: (ParMarkBitMap*) 0x000000006ea53e30
 Begin Bits: [0x00000000121f0000, 0x0000000013128000)
 End Bits:   [0x0000000013128000, 0x0000000014060000)

Polling page: 0x0000000000900000

CodeCache: size=245760Kb used=4214Kb max_used=4214Kb free=241545Kb
 bounds [0x00000000026f0000, 0x0000000002b20000, 0x00000000116f0000]
 total_blobs=1841 nmethods=1236 adapters=518
 compilation: enabled

Compilation events (10 events):
Event: 13.806 Thread 0x0000000016448800 1232       3       java.net.URLClassLoader$1::<init> (15 bytes)
Event: 13.807 Thread 0x0000000016448800 nmethod 1232 0x0000000002b07850 code [0x0000000002b079a0, 0x0000000002b07b70]
Event: 13.807 Thread 0x0000000016448800 1233       3       java.net.URLClassLoader$1::run (5 bytes)
Event: 13.808 Thread 0x0000000016448800 nmethod 1233 0x0000000002b0b050 code [0x0000000002b0b1c0, 0x0000000002b0b368]
Event: 13.808 Thread 0x0000000016448800 1234   !   3       java.net.URLClassLoader$1::run (63 bytes)
Event: 13.809 Thread 0x0000000016448800 nmethod 1234 0x0000000002b0a690 code [0x0000000002b0a860, 0x0000000002b0ad88]
Event: 13.822 Thread 0x0000000016448800 1235   !   3       com.sun.proxy.$Proxy1::preload (29 bytes)
Event: 13.823 Thread 0x0000000016448800 nmethod 1235 0x0000000002b09f10 code [0x0000000002b0a0a0, 0x0000000002b0a478]
Event: 13.824 Thread 0x0000000016448800 1236   !   3       java.net.URL::getURLStreamHandler (313 bytes)
Event: 13.837 Thread 0x0000000016448800 nmethod 1236 0x0000000002b0cad0 code [0x0000000002b0cfe0, 0x0000000002b10318]

GC Heap History (2 events):
Event: 4.392 GC heap before
{Heap before GC invocations=1 (full 0):
 PSYoungGen      total 18432K, used 15868K [0x00000000ebb80000, 0x00000000ed000000, 0x0000000100000000)
  eden space 15872K, 99% used [0x00000000ebb80000,0x00000000ecaff338,0x00000000ecb00000)
  from space 2560K, 0% used [0x00000000ecd80000,0x00000000ecd80000,0x00000000ed000000)
  to   space 2560K, 0% used [0x00000000ecb00000,0x00000000ecb00000,0x00000000ecd80000)
 ParOldGen       total 42496K, used 0K [0x00000000c3200000, 0x00000000c5b80000, 0x00000000ebb80000)
  object space 42496K, 0% used [0x00000000c3200000,0x00000000c3200000,0x00000000c5b80000)
 Metaspace       used 12988K, capacity 13180K, committed 13312K, reserved 1060864K
  class space    used 1628K, capacity 1704K, committed 1792K, reserved 1048576K
Event: 4.406 GC heap after
Heap after GC invocations=1 (full 0):
 PSYoungGen      total 18432K, used 2543K [0x00000000ebb80000, 0x00000000ed000000, 0x0000000100000000)
  eden space 15872K, 0% used [0x00000000ebb80000,0x00000000ebb80000,0x00000000ecb00000)
  from space 2560K, 99% used [0x00000000ecb00000,0x00000000ecd7bc20,0x00000000ecd80000)
  to   space 2560K, 0% used [0x00000000ecd80000,0x00000000ecd80000,0x00000000ed000000)
 ParOldGen       total 42496K, used 11710K [0x00000000c3200000, 0x00000000c5b80000, 0x00000000ebb80000)
  object space 42496K, 27% used [0x00000000c3200000,0x00000000c3d6f878,0x00000000c5b80000)
 Metaspace       used 12988K, capacity 13180K, committed 13312K, reserved 1060864K
  class space    used 1628K, capacity 1704K, committed 1792K, reserved 1048576K
}

Deoptimization events (10 events):
Event: 1.319 Thread 0x000000001681a800 Uncommon trap: reason=bimorphic action=maybe_recompile pc=0x00000000028db62c method=java.util.HashMap.putVal(ILjava/lang/Object;Ljava/lang/Object;ZZ)Ljava/lang/Object; @ 152
Event: 2.050 Thread 0x000000001681a800 Uncommon trap: reason=bimorphic action=maybe_recompile pc=0x00000000028db62c method=java.util.HashMap.putVal(ILjava/lang/Object;Ljava/lang/Object;ZZ)Ljava/lang/Object; @ 152
Event: 2.520 Thread 0x000000001681a800 Uncommon trap: reason=bimorphic action=maybe_recompile pc=0x00000000028db62c method=java.util.HashMap.putVal(ILjava/lang/Object;Ljava/lang/Object;ZZ)Ljava/lang/Object; @ 152
Event: 3.557 Thread 0x000000001681a800 Uncommon trap: reason=unstable_if action=reinterpret pc=0x0000000002919198 method=java.awt.MultipleGradientPaintContext.indexIntoGradientsArrays(F)I @ 24
Event: 3.635 Thread 0x000000001681a800 Uncommon trap: reason=unstable_if action=reinterpret pc=0x00000000029dc89c method=java.awt.MultipleGradientPaintContext.indexIntoGradientsArrays(F)I @ 13
Event: 4.339 Thread 0x000000001681a800 Uncommon trap: reason=unstable_if action=reinterpret pc=0x00000000028d9bac method=java.lang.String.<init>([CII)V @ 18
Event: 4.363 Thread 0x000000001681a800 Uncommon trap: reason=class_check action=maybe_recompile pc=0x000000000294fe38 method=java.util.HashMap.putVal(ILjava/lang/Object;Ljava/lang/Object;ZZ)Ljava/lang/Object; @ 253
Event: 4.364 Thread 0x000000001681a800 Uncommon trap: reason=class_check action=maybe_recompile pc=0x000000000294fe38 method=java.util.HashMap.putVal(ILjava/lang/Object;Ljava/lang/Object;ZZ)Ljava/lang/Object; @ 253
Event: 4.364 Thread 0x000000001681a800 Uncommon trap: reason=class_check action=maybe_recompile pc=0x000000000294fe38 method=java.util.HashMap.putVal(ILjava/lang/Object;Ljava/lang/Object;ZZ)Ljava/lang/Object; @ 253
Event: 4.371 Thread 0x000000001681a800 Uncommon trap: reason=class_check action=maybe_recompile pc=0x000000000294fe38 method=java.util.HashMap.putVal(ILjava/lang/Object;Ljava/lang/Object;ZZ)Ljava/lang/Object; @ 253

Classes redefined (0 events):
No events

Internal exceptions (10 events):
Event: 1.044 Thread 0x00000000025f2800 Exception <a 'java/lang/ClassNotFoundException': ToolBar> (0x00000000ebefafa8) thrown at [C:\re\workspace\8-2-build-windows-amd64-cygwin\jdk8u191\11896\hotspot\src\share\vm\classfile\systemDictionary.cpp, line 210]
Event: 1.045 Thread 0x00000000025f2800 Exception <a 'java/lang/ClassNotFoundException': ToggleButton> (0x00000000ebefb558) thrown at [C:\re\workspace\8-2-build-windows-amd64-cygwin\jdk8u191\11896\hotspot\src\share\vm\classfile\systemDictionary.cpp, line 210]
Event: 1.045 Thread 0x00000000025f2800 Exception <a 'java/lang/ClassNotFoundException': javax/swing/JToolBarSeparator> (0x00000000ebefb9b8) thrown at [C:\re\workspace\8-2-build-windows-amd64-cygwin\jdk8u191\11896\hotspot\src\share\vm\classfile\systemDictionary.cpp, line 210]
Event: 1.045 Thread 0x00000000025f2800 Exception <a 'java/lang/ClassNotFoundException': ToolBarSeparator> (0x00000000ebefbe50) thrown at [C:\re\workspace\8-2-build-windows-amd64-cygwin\jdk8u191\11896\hotspot\src\share\vm\classfile\systemDictionary.cpp, line 210]
Event: 1.045 Thread 0x00000000025f2800 Exception <a 'java/lang/ClassNotFoundException': ToolTip> (0x00000000ebefc590) thrown at [C:\re\workspace\8-2-build-windows-amd64-cygwin\jdk8u191\11896\hotspot\src\share\vm\classfile\systemDictionary.cpp, line 210]
Event: 1.048 Thread 0x00000000025f2800 Exception <a 'java/lang/ClassNotFoundException': Tree> (0x00000000ebefd1b0) thrown at [C:\re\workspace\8-2-build-windows-amd64-cygwin\jdk8u191\11896\hotspot\src\share\vm\classfile\systemDictionary.cpp, line 210]
Event: 1.048 Thread 0x00000000025f2800 Exception <a 'java/lang/ClassNotFoundException': Tree> (0x00000000ebefd8f0) thrown at [C:\re\workspace\8-2-build-windows-amd64-cygwin\jdk8u191\11896\hotspot\src\share\vm\classfile\systemDictionary.cpp, line 210]
Event: 1.048 Thread 0x00000000025f2800 Exception <a 'java/lang/ClassNotFoundException': javax/swing/JTreeCell> (0x00000000ebefdc70) thrown at [C:\re\workspace\8-2-build-windows-amd64-cygwin\jdk8u191\11896\hotspot\src\share\vm\classfile\systemDictionary.cpp, line 210]
Event: 1.048 Thread 0x00000000025f2800 Exception <a 'java/lang/ClassNotFoundException': TreeCell> (0x00000000ebefe0f8) thrown at [C:\re\workspace\8-2-build-windows-amd64-cygwin\jdk8u191\11896\hotspot\src\share\vm\classfile\systemDictionary.cpp, line 210]
Event: 1.049 Thread 0x00000000025f2800 Exception <a 'java/lang/ClassNotFoundException': RootPane> (0x00000000ebefeb58) thrown at [C:\re\workspace\8-2-build-windows-amd64-cygwin\jdk8u191\11896\hotspot\src\share\vm\classfile\systemDictionary.cpp, line 210]

Events (10 events):
Event: 13.512 loading class com/googlecode/javacv/cpp/opencv_objdetect$CvHaarClassifier
Event: 13.512 loading class com/googlecode/javacv/cpp/opencv_objdetect$CvHaarClassifier done
Event: 13.521 loading class com/googlecode/javacv/cpp/opencv_objdetect$CvHaarFeature
Event: 13.521 loading class com/googlecode/javacv/cpp/opencv_objdetect$CvHaarFeature done
Event: 13.540 loading class org/opencv/imgcodecs/Imgcodecs
Event: 13.540 loading class org/opencv/imgcodecs/Imgcodecs done
Event: 13.541 loading class org/opencv/core/MatOfByte
Event: 13.541 loading class org/opencv/core/MatOfByte done
Event: 13.804 loading class org/opencv/core/MatOfRect
Event: 13.805 loading class org/opencv/core/MatOfRect done


Dynamic libraries:
0x00007ff63ac30000 - 0x00007ff63ac67000 	C:\Program Files\Java\jdk1.8.0_191\bin\java.exe
0x00007ffe5daa0000 - 0x00007ffe5dc81000 	C:\WINDOWS\SYSTEM32\ntdll.dll
0x00007ffe5d9b0000 - 0x00007ffe5da62000 	C:\WINDOWS\System32\KERNEL32.DLL
0x00007ffe5acb0000 - 0x00007ffe5af23000 	C:\WINDOWS\System32\KERNELBASE.dll
0x00007ffe5d0a0000 - 0x00007ffe5d141000 	C:\WINDOWS\System32\ADVAPI32.dll
0x00007ffe5cb20000 - 0x00007ffe5cbbe000 	C:\WINDOWS\System32\msvcrt.dll
0x00007ffe5d950000 - 0x00007ffe5d9ab000 	C:\WINDOWS\System32\sechost.dll
0x00007ffe5d7f0000 - 0x00007ffe5d914000 	C:\WINDOWS\System32\RPCRT4.dll
0x00007ffe5b150000 - 0x00007ffe5b2e0000 	C:\WINDOWS\System32\USER32.dll
0x00007ffe5a310000 - 0x00007ffe5a330000 	C:\WINDOWS\System32\win32u.dll
0x00007ffe5b630000 - 0x00007ffe5b658000 	C:\WINDOWS\System32\GDI32.dll
0x00007ffe5ab10000 - 0x00007ffe5aca2000 	C:\WINDOWS\System32\gdi32full.dll
0x00007ffe5a270000 - 0x00007ffe5a30f000 	C:\WINDOWS\System32\msvcp_win.dll
0x00007ffe59f20000 - 0x00007ffe5a018000 	C:\WINDOWS\System32\ucrtbase.dll
0x00007ffe489b0000 - 0x00007ffe48c19000 	C:\WINDOWS\WinSxS\amd64_microsoft.windows.common-controls_6595b64144ccf1df_6.0.17134.648_none_fb45a0e93062a6d2\COMCTL32.dll
0x00007ffe5b2e0000 - 0x00007ffe5b602000 	C:\WINDOWS\System32\combase.dll
0x00007ffe5aa90000 - 0x00007ffe5ab0a000 	C:\WINDOWS\System32\bcryptPrimitives.dll
0x00007ffe5d920000 - 0x00007ffe5d94d000 	C:\WINDOWS\System32\IMM32.DLL
0x000000006e150000 - 0x000000006e222000 	C:\Program Files\Java\jdk1.8.0_191\jre\bin\msvcr100.dll
0x000000006e230000 - 0x000000006ead4000 	C:\Program Files\Java\jdk1.8.0_191\jre\bin\server\jvm.dll
0x00007ffe5d150000 - 0x00007ffe5d158000 	C:\WINDOWS\System32\PSAPI.DLL
0x00007ffe55910000 - 0x00007ffe55919000 	C:\WINDOWS\SYSTEM32\WSOCK32.dll
0x00007ffe56d20000 - 0x00007ffe56d43000 	C:\WINDOWS\SYSTEM32\WINMM.dll
0x00007ffe5d020000 - 0x00007ffe5d08c000 	C:\WINDOWS\System32\WS2_32.dll
0x00007ffe4ef30000 - 0x00007ffe4ef3a000 	C:\WINDOWS\SYSTEM32\VERSION.dll
0x00007ffe56cf0000 - 0x00007ffe56d1a000 	C:\WINDOWS\SYSTEM32\winmmbase.dll
0x00007ffe5aa40000 - 0x00007ffe5aa89000 	C:\WINDOWS\System32\cfgmgr32.dll
0x000000006e100000 - 0x000000006e10f000 	C:\Program Files\Java\jdk1.8.0_191\jre\bin\verify.dll
0x000000006e0d0000 - 0x000000006e0f9000 	C:\Program Files\Java\jdk1.8.0_191\jre\bin\java.dll
0x000000006e0b0000 - 0x000000006e0c6000 	C:\Program Files\Java\jdk1.8.0_191\jre\bin\zip.dll
0x00007ffe5b660000 - 0x00007ffe5caa0000 	C:\WINDOWS\System32\SHELL32.dll
0x00007ffe5cf70000 - 0x00007ffe5d019000 	C:\WINDOWS\System32\shcore.dll
0x00007ffe5a330000 - 0x00007ffe5aa3d000 	C:\WINDOWS\System32\windows.storage.dll
0x00007ffe5d5b0000 - 0x00007ffe5d601000 	C:\WINDOWS\System32\shlwapi.dll
0x00007ffe59de0000 - 0x00007ffe59df1000 	C:\WINDOWS\System32\kernel.appcore.dll
0x00007ffe59e50000 - 0x00007ffe59e6f000 	C:\WINDOWS\System32\profapi.dll
0x00007ffe59e00000 - 0x00007ffe59e4c000 	C:\WINDOWS\System32\powrprof.dll
0x00007ffe59dd0000 - 0x00007ffe59dda000 	C:\WINDOWS\System32\FLTLIB.DLL
0x000000006ded0000 - 0x000000006e069000 	C:\Program Files\Java\jdk1.8.0_191\jre\bin\awt.dll
0x00007ffe5af30000 - 0x00007ffe5aff3000 	C:\WINDOWS\System32\OLEAUT32.dll
0x00007ffe58240000 - 0x00007ffe582cb000 	C:\WINDOWS\SYSTEM32\apphelp.dll
0x00007ffe582f0000 - 0x00007ffe58388000 	C:\WINDOWS\system32\uxtheme.dll
0x00007ffe5d670000 - 0x00007ffe5d7e3000 	C:\WINDOWS\System32\MSCTF.dll
0x00007ffe58540000 - 0x00007ffe58569000 	C:\WINDOWS\system32\dwmapi.dll
0x00007ffe5ce00000 - 0x00007ffe5cf51000 	C:\WINDOWS\System32\ole32.dll
0x000000006de80000 - 0x000000006dec7000 	C:\Program Files\Java\jdk1.8.0_191\jre\bin\fontmanager.dll
0x00007ffe48dd0000 - 0x00007ffe48ef0000 	C:\WINDOWS\system32\opengl32.dll
0x00007ffe49ef0000 - 0x00007ffe49f1c000 	C:\WINDOWS\SYSTEM32\GLU32.dll
0x000000006e090000 - 0x000000006e0aa000 	C:\Program Files\Java\jdk1.8.0_191\jre\bin\net.dll
0x00007ffe59630000 - 0x00007ffe59696000 	C:\WINDOWS\system32\mswsock.dll
0x000000006e070000 - 0x000000006e081000 	C:\Program Files\Java\jdk1.8.0_191\jre\bin\nio.dll
0x000000006de30000 - 0x000000006de72000 	C:\Program Files\Java\jdk1.8.0_191\jre\bin\t2k.dll
0x00007ffe50700000 - 0x00007ffe50796000 	C:\WINDOWS\System32\TextInputFramework.dll
0x00007ffe55010000 - 0x00007ffe5532e000 	C:\WINDOWS\System32\CoreUIComponents.dll
0x00007ffe58040000 - 0x00007ffe5811a000 	C:\WINDOWS\System32\CoreMessaging.dll
0x00007ffe58ea0000 - 0x00007ffe58ed1000 	C:\WINDOWS\SYSTEM32\ntmarta.dll
0x00007ffe55f60000 - 0x00007ffe560ad000 	C:\WINDOWS\SYSTEM32\wintypes.dll
0x00007ffe43000000 - 0x00007ffe4306b000 	C:\WINDOWS\system32\Oleacc.dll
0x000000006ddf0000 - 0x000000006de1a000 	C:\Program Files\Java\jdk1.8.0_191\jre\bin\dcpr.dll
0x00007ffe5cd60000 - 0x00007ffe5ce00000 	C:\WINDOWS\System32\clbcatq.dll
0x00007ffe55520000 - 0x00007ffe556ce000 	C:\WINDOWS\SYSTEM32\WindowsCodecs.dll
0x00007ffe44e30000 - 0x00007ffe44e88000 	C:\WINDOWS\system32\dataexchange.dll
0x00007ffe57850000 - 0x00007ffe57b5b000 	C:\WINDOWS\system32\d3d11.dll
0x00007ffe57b60000 - 0x00007ffe57cfc000 	C:\WINDOWS\system32\dcomp.dll
0x00007ffe58b70000 - 0x00007ffe58c2b000 	C:\WINDOWS\system32\dxgi.dll
0x00007ffe586d0000 - 0x00007ffe58888000 	C:\WINDOWS\system32\twinapi.appcore.dll
0x00007ffe58620000 - 0x00007ffe58649000 	C:\WINDOWS\system32\RMCLIENT.dll
0x00007ffe0c6d0000 - 0x00007ffe0f488000 	C:\opencv\build\java\x64\opencv_java401.dll
0x00007ffe38a40000 - 0x00007ffe38abb000 	C:\WINDOWS\SYSTEM32\MF.dll
0x00007ffe556d0000 - 0x00007ffe558ab000 	C:\WINDOWS\SYSTEM32\MFPlat.DLL
0x00007ffe38820000 - 0x00007ffe38918000 	C:\WINDOWS\SYSTEM32\MFReadWrite.dll
0x00007ffe31150000 - 0x00007ffe3157e000 	C:\WINDOWS\SYSTEM32\MFCORE.DLL
0x00007ffe5a080000 - 0x00007ffe5a262000 	C:\WINDOWS\System32\CRYPT32.dll
0x00007ffe59db0000 - 0x00007ffe59dc2000 	C:\WINDOWS\System32\MSASN1.dll
0x00007ffe59910000 - 0x00007ffe59935000 	C:\WINDOWS\SYSTEM32\bcrypt.dll
0x00007ffe509d0000 - 0x00007ffe509d9000 	C:\WINDOWS\SYSTEM32\ksuser.dll
0x00007ffe59800000 - 0x00007ffe5980b000 	C:\WINDOWS\SYSTEM32\CRYPTBASE.DLL
0x00007ffe54fe0000 - 0x00007ffe5500e000 	C:\WINDOWS\SYSTEM32\RTWorkQ.DLL
0x000000006dc60000 - 0x000000006dd31000 	C:\Users\dangeroues-lord\AppData\Local\Temp\javacpp9217546374887\msvcr100.dll
0x000000006dbc0000 - 0x000000006dc58000 	C:\Users\dangeroues-lord\AppData\Local\Temp\javacpp9217546374887\msvcp100.dll
0x0000000066840000 - 0x00000000676b4000 	C:\Users\dangeroues-lord\AppData\Local\Temp\javacpp9217546374887\opencv_ffmpeg248_64.dll
0x00007ffe385a0000 - 0x00007ffe38812000 	C:\Users\dangeroues-lord\AppData\Local\Temp\javacpp9217546374887\opencv_core248.dll
0x00007ffe2aad0000 - 0x00007ffe2ad82000 	C:\Users\dangeroues-lord\AppData\Local\Temp\javacpp9217546374887\opencv_imgproc248.dll
0x00007ffe2a200000 - 0x00007ffe2a44d000 	C:\Users\dangeroues-lord\AppData\Local\Temp\javacpp9217546374887\opencv_highgui248.dll
0x00007ffe515b0000 - 0x00007ffe515d9000 	C:\WINDOWS\SYSTEM32\MSVFW32.dll
0x00007ffe496c0000 - 0x00007ffe496df000 	C:\WINDOWS\SYSTEM32\AVIFIL32.dll
0x00007ffe496a0000 - 0x00007ffe496b8000 	C:\WINDOWS\SYSTEM32\AVICAP32.dll
0x00007ffe49630000 - 0x00007ffe4964c000 	C:\WINDOWS\SYSTEM32\MSACM32.dll
0x00007ffe49230000 - 0x00007ffe49243000 	C:\Users\dangeroues-lord\AppData\Local\Temp\javacpp9217546374887\jniopencv_highgui.dll
0x00007ffe49210000 - 0x00007ffe49227000 	C:\Windows\System32\devenum.dll
0x00007ffe5d160000 - 0x00007ffe5d5ab000 	C:\WINDOWS\System32\setupapi.dll
0x00007ffe59bc0000 - 0x00007ffe59be7000 	C:\WINDOWS\SYSTEM32\DEVOBJ.dll
0x00007ffe5a020000 - 0x00007ffe5a077000 	C:\WINDOWS\System32\WINTRUST.dll
0x00007ffe49ee0000 - 0x00007ffe49eea000 	C:\WINDOWS\SYSTEM32\msdmo.dll
0x00007ffe39230000 - 0x00007ffe39263000 	C:\Windows\System32\qcap.dll
0x00007ffe2a040000 - 0x00007ffe2a1fd000 	C:\Windows\System32\quartz.dll
0x00007ffe49930000 - 0x00007ffe4997b000 	C:\Windows\System32\mfksproxy.dll
0x00007ffe4c290000 - 0x00007ffe4c2ad000 	C:\Windows\System32\ATL.DLL
0x00007ffe38f70000 - 0x00007ffe38fbe000 	C:\Windows\System32\MFSENSORGROUP.dll
0x00007ffe31950000 - 0x00007ffe31998000 	C:\Windows\System32\ksproxy.ax
0x00007ffe37fc0000 - 0x00007ffe38157000 	C:\Windows\System32\d3d9.dll
0x00007ffe53b70000 - 0x00007ffe53bef000 	C:\WINDOWS\SYSTEM32\policymanager.dll
0x00007ffe56b90000 - 0x00007ffe56c21000 	C:\Windows\System32\msvcp110_win.dll
0x00007ffe567d0000 - 0x00007ffe567dc000 	C:\Windows\System32\vidcap.ax
0x00007ffe47560000 - 0x00007ffe47586000 	C:\Windows\System32\kswdmcap.ax
0x00007ffe295a0000 - 0x00007ffe29704000 	C:\Windows\System32\MFC42.dll
0x00007ffe2f660000 - 0x00007ffe2f6ff000 	C:\Windows\System32\qedit.dll
0x00007ffe5b060000 - 0x00007ffe5b14d000 	C:\WINDOWS\System32\COMDLG32.dll
0x00007ffe50b00000 - 0x00007ffe50c9b000 	C:\WINDOWS\WinSxS\amd64_microsoft.windows.gdiplus_6595b64144ccf1df_1.1.17134.648_none_2c3093ce8af520a0\gdiplus.dll
0x00007ffe2bb40000 - 0x00007ffe2bc36000 	C:\Windows\System32\DDRAW.dll
0x00007ffe559c0000 - 0x00007ffe559c8000 	C:\Windows\System32\DCIMAN32.dll
0x00007ffe51740000 - 0x00007ffe5174c000 	C:\WINDOWS\SYSTEM32\msyuv.dll
0x00007ffe2f240000 - 0x00007ffe2f2da000 	C:\Users\dangeroues-lord\AppData\Local\Temp\javacpp9217546374887\jniopencv_core.dll
0x00007ffe294d0000 - 0x00007ffe2959a000 	C:\Users\dangeroues-lord\AppData\Local\Temp\javacpp9217546374887\opencv_objdetect248.dll
0x00007ffe31640000 - 0x00007ffe3168b000 	C:\Users\dangeroues-lord\AppData\Local\Temp\javacpp9217546374887\jniopencv_objdetect.dll
0x00007ffe4cdb0000 - 0x00007ffe4cf79000 	C:\WINDOWS\SYSTEM32\dbghelp.dll

VM Arguments:
jvm_args: -Dfile.encoding=UTF-8 -Djava.library.path=C:\opencv\build\java\x64 
java_command: face.Front
java_class_path (initial): C:\javacv-bin\javacpp.jar;C:\javacv-bin\javacv-windows-x86.jar;C:\javacv-bin\javacv-windows-x86_64.jar;C:\javacv-bin\javacv.jar;C:\javacv-cppjars\ffmpeg-2.1.1-windows-x86.jar;C:\javacv-cppjars\ffmpeg-2.1.1-windows-x86_64.jar;C:\javacv-cppjars\opencv-2.4.8-windows-x86.jar;C:\javacv-cppjars\opencv-2.4.8-windows-x86_64.jar;C:\opencv\build\java\opencv-401.jar;C:\Users\dangeroues-lord\Documents\NetBeansProjects\re\build\classes
Launcher Type: SUN_STANDARD

Environment Variables:
PATH=C:\Program Files (x86)\Common Files\Oracle\Java\javapath;C:\Program Files (x86)\Common Files\Intel\Shared Libraries\redist\intel64_win\compiler;C:\WINDOWS\system32;C:\WINDOWS;C:\WINDOWS\System32\Wbem;C:\WINDOWS\System32\WindowsPowerShell\v1.0\;C:\WINDOWS\System32\OpenSSH\;C:\Program Files\Java\jdk1.8.0_191\bin;C:\Intel\computer_vision_sdk_2018.5.456\deployment_tools\computer_vision_algorithms\bin;C:\Intel\computer_vision_sdk_2018.5.456\bin;C:\Users\dangeroues-lord\AppData\Local\Programs\Python\Python37;C:\Intel\computer_vision_sdk_2018.5.456\inference_engine\bin\intel64\Debug;C:\Intel\computer_vision_sdk_2018.5.456\opencv\bin;C:\Intel\computer_vision_sdk_2018.5.456\opencv\include\opencv2\highgui;C:\Intel\computer_vision_sdk_2018.5.456\opencv\include\opencv2\gapi;C:\Intel\computer_vision_sdk_2018.5.456\openvx\bin;C:\Program Files\dotnet\;C:\Program Files (x86)\Microsoft Visual Studio\2017\BuildTools\VC\Tools\MSVC\14.16.27023\bin\Hostx64\x64;C:\Users\dangeroues-lord\Desktop\face recognition\opencv\bin;C:\Program Files\mingw-w64\x86_64-8.1.0-win32-sjlj-rt_v6-rev0\mingw64\bin;C:\opencv\build\x64\vc15\bin;C:\opencv\build\include\opencv2;C:\Program Files\CMake\bin;C:\Program Files\CMake\bin;C:\Users\dangeroues-lord\AppData\Local\Microsoft\WindowsApps;C:\Intel\computer_vision_sdk_2018.5.456\openvx\include\VX;C:\Program Files (x86)\Microsoft Visual Studio\2017\BuildTools\VC\Tools\MSVC\14.16.27023\bin\Hostx64\x64;C:\opencv\buildx64\vc15\bin;
USERNAME=dangeroues-lord
OS=Windows_NT
PROCESSOR_IDENTIFIER=Intel64 Family 6 Model 37 Stepping 5, GenuineIntel



---------------  S Y S T E M  ---------------

OS: Windows 10.0 , 64 bit Build 17134 (10.0.17134.648)

CPU:total 4 (initial active 4) (2 cores per cpu, 2 threads per core) family 6 model 37 stepping 5, cmov, cx8, fxsr, mmx, sse, sse2, sse3, ssse3, sse4.1, sse4.2, popcnt, ht, tsc, tscinvbit

Memory: 4k page, physical 3985868k(855440k free), swap 4706764k(802912k free)

vm_info: Java HotSpot(TM) 64-Bit Server VM (25.191-b12) for windows-amd64 JRE (1.8.0_191-b12), built on Oct  6 2018 09:29:03 by "java_re" with MS VC++ 10.0 (VS2010)

time: Tue Apr 09 17:24:51 2019
elapsed time: 14 seconds (0d 0h 0m 14s)

