#
# A fatal error has been detected by the Java Runtime Environment:
#
#  EXCEPTION_ACCESS_VIOLATION (0xc0000005) at pc=0x00000000521c8c57, pid=7640, tid=0x0000000000001b4c
#
# JRE version: Java(TM) SE Runtime Environment (8.0_191-b12) (build 1.8.0_191-b12)
# Java VM: Java HotSpot(TM) 64-Bit Server VM (25.191-b12 mixed mode windows-amd64 compressed oops)
# Problematic frame:
# V  [jvm.dll+0x148c57]
#
# Failed to write core dump. Minidumps are not enabled by default on client versions of Windows
#
# If you would like to submit a bug report, please visit:
#   http://bugreport.java.com/bugreport/crash.jsp
#

---------------  T H R E A D  ---------------

Current thread (0x0000000016c15800):  JavaThread "AWT-EventQueue-0" [_thread_in_vm, id=6988, stack(0x0000000017e80000,0x0000000017f80000)]

siginfo: ExceptionCode=0xc0000005, reading address 0x0000000000000000

Registers:
RAX=0x0000000000000000, RBX=0x0000000016c15800, RCX=0x0000000000000580, RDX=0x0000000000000000
RSP=0x0000000017f7c800, RBP=0x0000000000000000, RSI=0x0000000000000000, RDI=0x0000000000000000
R8 =0x0000000000000062, R9 =0x0000000000000000, R10=0x0000000052827eb0, R11=0x0000000000000000
R12=0x0000000000000062, R13=0x000000001698eac0, R14=0x0000000000000000, R15=0x0000000016be9e00
RIP=0x00000000521c8c57, EFLAGS=0x0000000000010202

Top of Stack: (sp=0x0000000017f7c800)
0x0000000017f7c800:   ffffffffffffffff 0000000000000000
0x0000000017f7c810:   0000000000000000 0000000000000000
0x0000000017f7c820:   0000000002a416a0 0000000000000000
0x0000000017f7c830:   0000000000000000 0000000000000000
0x0000000017f7c840:   0000000000000000 0000000000000000
0x0000000017f7c850:   0000000016c159f8 00007ffd52925e57
0x0000000017f7c860:   0000000000000000 0000000000000000
0x0000000017f7c870:   0000000017f7cac0 0000000016c159f8
0x0000000017f7c880:   0000000000000001 0000000000000001
0x0000000017f7c890:   0000000000000000 0000000000000000
0x0000000017f7c8a0:   0000000000000000 0000000000000000
0x0000000017f7c8b0:   000000001698eac0 0000000000000000
0x0000000017f7c8c0:   0000000016c159f8 0000000000000000
0x0000000017f7c8d0:   0000000000000000 0000000000000000
0x0000000017f7c8e0:   0000000000000000 0000000000000000
0x0000000017f7c8f0:   0000000000000000 0000000017f7c8d8 

Instructions: (pc=0x00000000521c8c57)
0x00000000521c8c37:   a9 00 00 00 30 74 08 48 8b cb e8 0a b0 0f 00 c7
0x00000000521c8c47:   83 70 02 00 00 06 00 00 00 80 3d 4a be 6c 00 00
0x00000000521c8c57:   48 8b 16 74 16 44 8b 4a 08 8b 0d 02 ec 65 00 49
0x00000000521c8c67:   d3 e1 4c 03 0d f0 eb 65 00 eb 04 4c 8b 4a 08 49 


Register to memory mapping:

RAX=0x0000000000000000 is an unknown value
RBX=0x0000000016c15800 is a thread
RCX=0x0000000000000580 is an unknown value
RDX=0x0000000000000000 is an unknown value
RSP=0x0000000017f7c800 is pointing into the stack for thread: 0x0000000016c15800
RBP=0x0000000000000000 is an unknown value
RSI=0x0000000000000000 is an unknown value
RDI=0x0000000000000000 is an unknown value
R8 =0x0000000000000062 is an unknown value
R9 =0x0000000000000000 is an unknown value
R10=0x0000000052827eb0 is an unknown value
R11=0x0000000000000000 is an unknown value
R12=0x0000000000000062 is an unknown value
R13=0x000000001698eac0 is an unknown value
R14=0x0000000000000000 is an unknown value
R15=0x0000000016be9e00 is an unknown value


Stack: [0x0000000017e80000,0x0000000017f80000],  sp=0x0000000017f7c800,  free space=1010k
Native frames: (J=compiled Java code, j=interpreted, Vv=VM code, C=native code)

Java frames: (J=compiled Java code, j=interpreted, Vv=VM code)
j  com.googlecode.javacv.cpp.opencv_objdetect$CascadeClassifier.detectMultiScale(Lcom/googlecode/javacv/cpp/opencv_core$CvArr;Lcom/googlecode/javacv/cpp/opencv_core$CvRect;DIILcom/googlecode/javacv/cpp/opencv_core$CvSize;Lcom/googlecode/javacv/cpp/opencv_core$CvSize;)V+0
j  ml.face.jButton2ActionPerformed(Ljava/awt/event/ActionEvent;)V+102
j  ml.face.access$600(Lml/face;Ljava/awt/event/ActionEvent;)V+2
j  ml.face$7.actionPerformed(Ljava/awt/event/ActionEvent;)V+5
j  javax.swing.AbstractButton.fireActionPerformed(Ljava/awt/event/ActionEvent;)V+83
j  javax.swing.AbstractButton$Handler.actionPerformed(Ljava/awt/event/ActionEvent;)V+5
j  javax.swing.DefaultButtonModel.fireActionPerformed(Ljava/awt/event/ActionEvent;)V+34
j  javax.swing.DefaultButtonModel.setPressed(Z)V+117
j  javax.swing.plaf.basic.BasicButtonListener.mouseReleased(Ljava/awt/event/MouseEvent;)V+35
j  java.awt.Component.processMouseEvent(Ljava/awt/event/MouseEvent;)V+64
j  javax.swing.JComponent.processMouseEvent(Ljava/awt/event/MouseEvent;)V+23
j  java.awt.Component.processEvent(Ljava/awt/AWTEvent;)V+81
j  java.awt.Container.processEvent(Ljava/awt/AWTEvent;)V+18
j  java.awt.Component.dispatchEventImpl(Ljava/awt/AWTEvent;)V+589
j  java.awt.Container.dispatchEventImpl(Ljava/awt/AWTEvent;)V+42
j  java.awt.Component.dispatchEvent(Ljava/awt/AWTEvent;)V+2
j  java.awt.LightweightDispatcher.retargetMouseEvent(Ljava/awt/Component;ILjava/awt/event/MouseEvent;)V+349
j  java.awt.LightweightDispatcher.processMouseEvent(Ljava/awt/event/MouseEvent;)Z+155
j  java.awt.LightweightDispatcher.dispatchEvent(Ljava/awt/AWTEvent;)Z+50
j  java.awt.Container.dispatchEventImpl(Ljava/awt/AWTEvent;)V+12
j  java.awt.Window.dispatchEventImpl(Ljava/awt/AWTEvent;)V+19
j  java.awt.Component.dispatchEvent(Ljava/awt/AWTEvent;)V+2
j  java.awt.EventQueue.dispatchEventImpl(Ljava/awt/AWTEvent;Ljava/lang/Object;)V+41
j  java.awt.EventQueue.access$500(Ljava/awt/EventQueue;Ljava/awt/AWTEvent;Ljava/lang/Object;)V+3
j  java.awt.EventQueue$3.run()Ljava/lang/Void;+32
j  java.awt.EventQueue$3.run()Ljava/lang/Object;+1
v  ~StubRoutines::call_stub
j  java.security.AccessController.doPrivileged(Ljava/security/PrivilegedAction;Ljava/security/AccessControlContext;)Ljava/lang/Object;+0
j  java.security.ProtectionDomain$JavaSecurityAccessImpl.doIntersectionPrivilege(Ljava/security/PrivilegedAction;Ljava/security/AccessControlContext;Ljava/security/AccessControlContext;)Ljava/lang/Object;+18
j  java.security.ProtectionDomain$JavaSecurityAccessImpl.doIntersectionPrivilege(Ljava/security/PrivilegedAction;Ljava/security/AccessControlContext;)Ljava/lang/Object;+6
j  java.awt.EventQueue$4.run()Ljava/lang/Void;+11
j  java.awt.EventQueue$4.run()Ljava/lang/Object;+1
v  ~StubRoutines::call_stub
j  java.security.AccessController.doPrivileged(Ljava/security/PrivilegedAction;Ljava/security/AccessControlContext;)Ljava/lang/Object;+0
j  java.security.ProtectionDomain$JavaSecurityAccessImpl.doIntersectionPrivilege(Ljava/security/PrivilegedAction;Ljava/security/AccessControlContext;Ljava/security/AccessControlContext;)Ljava/lang/Object;+18
j  java.awt.EventQueue.dispatchEvent(Ljava/awt/AWTEvent;)V+73
j  java.awt.EventDispatchThread.pumpOneEventForFilters(I)V+140
j  java.awt.EventDispatchThread.pumpEventsForFilter(ILjava/awt/Conditional;Ljava/awt/EventFilter;)V+35
j  java.awt.EventDispatchThread.pumpEventsForHierarchy(ILjava/awt/Conditional;Ljava/awt/Component;)V+11
j  java.awt.EventDispatchThread.pumpEvents(ILjava/awt/Conditional;)V+4
j  java.awt.EventDispatchThread.pumpEvents(Ljava/awt/Conditional;)V+3
j  java.awt.EventDispatchThread.run()V+9
v  ~StubRoutines::call_stub

---------------  P R O C E S S  ---------------

Java Threads: ( => current thread )
  0x00000000170a6000 JavaThread "TimerQueue" daemon [_thread_blocked, id=7552, stack(0x0000000018a00000,0x0000000018b00000)]
  0x00000000028e2800 JavaThread "DestroyJavaVM" [_thread_blocked, id=5796, stack(0x00000000027e0000,0x00000000028e0000)]
=>0x0000000016c15800 JavaThread "AWT-EventQueue-0" [_thread_in_vm, id=6988, stack(0x0000000017e80000,0x0000000017f80000)]
  0x0000000016c04800 JavaThread "AWT-Windows" daemon [_thread_in_native, id=10220, stack(0x0000000017970000,0x0000000017a70000)]
  0x0000000016c01800 JavaThread "AWT-Shutdown" [_thread_blocked, id=8680, stack(0x0000000017870000,0x0000000017970000)]
  0x0000000016c01000 JavaThread "Java2D Disposer" daemon [_thread_blocked, id=4176, stack(0x0000000017770000,0x0000000017870000)]
  0x0000000016878000 JavaThread "Service Thread" daemon [_thread_blocked, id=6616, stack(0x0000000016c30000,0x0000000016d30000)]
  0x0000000014efd800 JavaThread "C1 CompilerThread2" daemon [_thread_blocked, id=7804, stack(0x0000000016730000,0x0000000016830000)]
  0x0000000014eed000 JavaThread "C2 CompilerThread1" daemon [_thread_blocked, id=9528, stack(0x0000000016630000,0x0000000016730000)]
  0x0000000014ee9800 JavaThread "C2 CompilerThread0" daemon [_thread_blocked, id=6136, stack(0x0000000016530000,0x0000000016630000)]
  0x0000000014ee8000 JavaThread "Attach Listener" daemon [_thread_blocked, id=2528, stack(0x0000000016430000,0x0000000016530000)]
  0x0000000014ee5000 JavaThread "Signal Dispatcher" daemon [_thread_blocked, id=9716, stack(0x0000000016330000,0x0000000016430000)]
  0x00000000029da800 JavaThread "Finalizer" daemon [_thread_blocked, id=4780, stack(0x0000000016140000,0x0000000016240000)]
  0x00000000029d2000 JavaThread "Reference Handler" daemon [_thread_blocked, id=9640, stack(0x0000000016040000,0x0000000016140000)]

Other Threads:
  0x0000000014ea6800 VMThread [stack: 0x0000000015f40000,0x0000000016040000] [id=2852]
  0x0000000014f3d000 WatcherThread [stack: 0x0000000016d30000,0x0000000016e30000] [id=5568]

VM state:not at safepoint (normal execution)

VM Mutex/Monitor currently owned by a thread: None

Heap:
 PSYoungGen      total 18432K, used 14872K [0x00000000ebb80000, 0x00000000ed000000, 0x0000000100000000)
  eden space 15872K, 93% used [0x00000000ebb80000,0x00000000eca06108,0x00000000ecb00000)
  from space 2560K, 0% used [0x00000000ecd80000,0x00000000ecd80000,0x00000000ed000000)
  to   space 2560K, 0% used [0x00000000ecb00000,0x00000000ecb00000,0x00000000ecd80000)
 ParOldGen       total 42496K, used 0K [0x00000000c3200000, 0x00000000c5b80000, 0x00000000ebb80000)
  object space 42496K, 0% used [0x00000000c3200000,0x00000000c3200000,0x00000000c5b80000)
 Metaspace       used 12306K, capacity 12462K, committed 12672K, reserved 1060864K
  class space    used 1495K, capacity 1567K, committed 1664K, reserved 1048576K

Card table byte_map: [0x0000000011da0000,0x0000000011f90000] byte_map_base: 0x0000000011787000

Marking Bits: (ParMarkBitMap*) 0x00000000528a3e30
 Begin Bits: [0x00000000124e0000, 0x0000000013418000)
 End Bits:   [0x0000000013418000, 0x0000000014350000)

Polling page: 0x0000000000920000

CodeCache: size=245760Kb used=3217Kb max_used=3217Kb free=242542Kb
 bounds [0x00000000029e0000, 0x0000000002d10000, 0x00000000119e0000]
 total_blobs=1483 nmethods=902 adapters=495
 compilation: enabled

Compilation events (10 events):
Event: 9.836 Thread 0x0000000014ee9800  898       4       java.util.HashMap::newNode (13 bytes)
Event: 9.838 Thread 0x0000000014ee9800 nmethod 898 0x0000000002d00650 code [0x0000000002d007a0, 0x0000000002d008b8]
Event: 9.839 Thread 0x0000000014eed000  899       4       sun.misc.MetaIndex::mayContain (51 bytes)
Event: 9.847 Thread 0x0000000014eed000 nmethod 899 0x0000000002d02390 code [0x0000000002d024e0, 0x0000000002d027f8]
Event: 10.697 Thread 0x0000000014efd800  901       3       java.lang.String::split (326 bytes)
Event: 10.710 Thread 0x0000000014efd800 nmethod 901 0x0000000002d02a90 code [0x0000000002d02f00, 0x0000000002d05d58]
Event: 10.710 Thread 0x0000000014efd800  900       3       java.lang.String::split (7 bytes)
Event: 10.710 Thread 0x0000000014efd800 nmethod 900 0x0000000002cfec50 code [0x0000000002cfedc0, 0x0000000002cfefc8]
Event: 10.710 Thread 0x0000000014efd800  902   !   3       com.sun.proxy.$Proxy1::preload (29 bytes)
Event: 10.711 Thread 0x0000000014efd800 nmethod 902 0x0000000002cfe4d0 code [0x0000000002cfe660, 0x0000000002cfea38]

GC Heap History (0 events):
No events

Deoptimization events (6 events):
Event: 3.817 Thread 0x0000000016c15800 Uncommon trap: reason=class_check action=maybe_recompile pc=0x0000000002bfa478 method=java.util.HashMap.getNode(ILjava/lang/Object;)Ljava/util/HashMap$Node; @ 126
Event: 3.841 Thread 0x0000000016c15800 Uncommon trap: reason=class_check action=maybe_recompile pc=0x0000000002bfa478 method=java.util.HashMap.getNode(ILjava/lang/Object;)Ljava/util/HashMap$Node; @ 126
Event: 3.841 Thread 0x0000000016c15800 Uncommon trap: reason=class_check action=maybe_recompile pc=0x0000000002bfa478 method=java.util.HashMap.getNode(ILjava/lang/Object;)Ljava/util/HashMap$Node; @ 126
Event: 3.862 Thread 0x0000000016c15800 Uncommon trap: reason=class_check action=maybe_recompile pc=0x0000000002bfa478 method=java.util.HashMap.getNode(ILjava/lang/Object;)Ljava/util/HashMap$Node; @ 126
Event: 3.881 Thread 0x0000000016c15800 Uncommon trap: reason=unstable_if action=reinterpret pc=0x0000000002c38bd8 method=java.util.HashMap.getNode(ILjava/lang/Object;)Ljava/util/HashMap$Node; @ 129
Event: 3.884 Thread 0x0000000016c15800 Uncommon trap: reason=unstable_if action=reinterpret pc=0x0000000002c37b54 method=java.util.HashMap.getNode(ILjava/lang/Object;)Ljava/util/HashMap$Node; @ 129

Classes redefined (0 events):
No events

Internal exceptions (10 events):
Event: 0.190 Thread 0x00000000028e2800 Exception <a 'java/security/PrivilegedActionException'> (0x00000000ebbfc918) thrown at [C:\re\workspace\8-2-build-windows-amd64-cygwin\jdk8u191\11896\hotspot\src\share\vm\prims\jvm.cpp, line 1435]
Event: 0.190 Thread 0x00000000028e2800 Exception <a 'java/security/PrivilegedActionException'> (0x00000000ebbfcb28) thrown at [C:\re\workspace\8-2-build-windows-amd64-cygwin\jdk8u191\11896\hotspot\src\share\vm\prims\jvm.cpp, line 1435]
Event: 0.315 Thread 0x00000000028e2800 Exception <a 'java/security/PrivilegedActionException'> (0x00000000ebcad678) thrown at [C:\re\workspace\8-2-build-windows-amd64-cygwin\jdk8u191\11896\hotspot\src\share\vm\prims\jvm.cpp, line 1435]
Event: 0.315 Thread 0x00000000028e2800 Exception <a 'java/security/PrivilegedActionException'> (0x00000000ebcad888) thrown at [C:\re\workspace\8-2-build-windows-amd64-cygwin\jdk8u191\11896\hotspot\src\share\vm\prims\jvm.cpp, line 1435]
Event: 0.317 Thread 0x00000000028e2800 Exception <a 'java/security/PrivilegedActionException'> (0x00000000ebcb1798) thrown at [C:\re\workspace\8-2-build-windows-amd64-cygwin\jdk8u191\11896\hotspot\src\share\vm\prims\jvm.cpp, line 1435]
Event: 0.317 Thread 0x00000000028e2800 Exception <a 'java/security/PrivilegedActionException'> (0x00000000ebcb19a8) thrown at [C:\re\workspace\8-2-build-windows-amd64-cygwin\jdk8u191\11896\hotspot\src\share\vm\prims\jvm.cpp, line 1435]
Event: 0.332 Thread 0x00000000028e2800 Exception <a 'java/io/FileNotFoundException'> (0x00000000ebcb8be8) thrown at [C:\re\workspace\8-2-build-windows-amd64-cygwin\jdk8u191\11896\hotspot\src\share\vm\prims\jni.cpp, line 709]
Event: 0.409 Thread 0x00000000028e2800 Exception <a 'java/lang/NoSuchFieldError': method resolution failed> (0x00000000ebd894e0) thrown at [C:\re\workspace\8-2-build-windows-amd64-cygwin\jdk8u191\11896\hotspot\src\share\vm\prims\methodHandles.cpp, line 1167]
Event: 0.416 Thread 0x00000000028e2800 Exception <a 'java/lang/NoSuchFieldError': method resolution failed> (0x00000000ebd96830) thrown at [C:\re\workspace\8-2-build-windows-amd64-cygwin\jdk8u191\11896\hotspot\src\share\vm\prims\methodHandles.cpp, line 1167]
Event: 0.567 Thread 0x00000000028e2800 Exception <a 'java/io/FileNotFoundException'> (0x00000000ebece5e8) thrown at [C:\re\workspace\8-2-build-windows-amd64-cygwin\jdk8u191\11896\hotspot\src\share\vm\prims\jni.cpp, line 709]

Events (10 events):
Event: 9.835 loading class com/googlecode/javacv/cpp/opencv_objdetect$CvHaarClassifier
Event: 9.835 loading class com/googlecode/javacv/cpp/opencv_objdetect$CvHaarClassifier done
Event: 9.836 loading class com/googlecode/javacv/cpp/opencv_objdetect$CvHaarFeature
Event: 9.836 loading class com/googlecode/javacv/cpp/opencv_objdetect$CvHaarFeature done
Event: 9.841 loading class org/opencv/imgcodecs/Imgcodecs
Event: 9.841 loading class org/opencv/imgcodecs/Imgcodecs done
Event: 9.842 loading class org/opencv/core/MatOfByte
Event: 9.842 loading class org/opencv/core/MatOfByte done
Event: 10.680 loading class org/opencv/core/MatOfRect
Event: 10.680 loading class org/opencv/core/MatOfRect done


Dynamic libraries:
0x00007ff7ceff0000 - 0x00007ff7cf027000 	C:\Program Files\Java\jdk1.8.0_191\bin\java.exe
0x00007ffd69360000 - 0x00007ffd69541000 	C:\WINDOWS\SYSTEM32\ntdll.dll
0x00007ffd68080000 - 0x00007ffd68132000 	C:\WINDOWS\System32\KERNEL32.DLL
0x00007ffd66320000 - 0x00007ffd66593000 	C:\WINDOWS\System32\KERNELBASE.dll
0x00007ffd68440000 - 0x00007ffd684e1000 	C:\WINDOWS\System32\ADVAPI32.dll
0x00007ffd667f0000 - 0x00007ffd6688e000 	C:\WINDOWS\System32\msvcrt.dll
0x00007ffd690b0000 - 0x00007ffd6910b000 	C:\WINDOWS\System32\sechost.dll
0x00007ffd684f0000 - 0x00007ffd68614000 	C:\WINDOWS\System32\RPCRT4.dll
0x00007ffd68620000 - 0x00007ffd687b0000 	C:\WINDOWS\System32\USER32.dll
0x00007ffd65780000 - 0x00007ffd657a0000 	C:\WINDOWS\System32\win32u.dll
0x00007ffd66890000 - 0x00007ffd668b8000 	C:\WINDOWS\System32\GDI32.dll
0x00007ffd665a0000 - 0x00007ffd66732000 	C:\WINDOWS\System32\gdi32full.dll
0x00007ffd657a0000 - 0x00007ffd6583f000 	C:\WINDOWS\System32\msvcp_win.dll
0x00007ffd66140000 - 0x00007ffd66238000 	C:\WINDOWS\System32\ucrtbase.dll
0x00007ffd56420000 - 0x00007ffd56689000 	C:\WINDOWS\WinSxS\amd64_microsoft.windows.common-controls_6595b64144ccf1df_6.0.17134.648_none_fb45a0e93062a6d2\COMCTL32.dll
0x00007ffd687f0000 - 0x00007ffd68b12000 	C:\WINDOWS\System32\combase.dll
0x00007ffd66240000 - 0x00007ffd662ba000 	C:\WINDOWS\System32\bcryptPrimitives.dll
0x00007ffd687c0000 - 0x00007ffd687ed000 	C:\WINDOWS\System32\IMM32.DLL
0x0000000051fa0000 - 0x0000000052072000 	C:\Program Files\Java\jdk1.8.0_191\jre\bin\msvcr100.dll
0x0000000052080000 - 0x0000000052924000 	C:\Program Files\Java\jdk1.8.0_191\jre\bin\server\jvm.dll
0x00007ffd66a70000 - 0x00007ffd66a78000 	C:\WINDOWS\System32\PSAPI.DLL
0x00007ffd5f860000 - 0x00007ffd5f869000 	C:\WINDOWS\SYSTEM32\WSOCK32.dll
0x00007ffd633c0000 - 0x00007ffd633e3000 	C:\WINDOWS\SYSTEM32\WINMM.dll
0x00007ffd5c2f0000 - 0x00007ffd5c2fa000 	C:\WINDOWS\SYSTEM32\VERSION.dll
0x00007ffd68b20000 - 0x00007ffd68b8c000 	C:\WINDOWS\System32\WS2_32.dll
0x00007ffd631f0000 - 0x00007ffd6321a000 	C:\WINDOWS\SYSTEM32\WINMMBASE.dll
0x00007ffd65730000 - 0x00007ffd65779000 	C:\WINDOWS\System32\cfgmgr32.dll
0x0000000051f50000 - 0x0000000051f5f000 	C:\Program Files\Java\jdk1.8.0_191\jre\bin\verify.dll
0x0000000051f20000 - 0x0000000051f49000 	C:\Program Files\Java\jdk1.8.0_191\jre\bin\java.dll
0x0000000051f00000 - 0x0000000051f16000 	C:\Program Files\Java\jdk1.8.0_191\jre\bin\zip.dll
0x00007ffd66c30000 - 0x00007ffd68070000 	C:\WINDOWS\System32\SHELL32.dll
0x00007ffd66a80000 - 0x00007ffd66b29000 	C:\WINDOWS\System32\shcore.dll
0x00007ffd65840000 - 0x00007ffd65f4d000 	C:\WINDOWS\System32\windows.storage.dll
0x00007ffd66920000 - 0x00007ffd66971000 	C:\WINDOWS\System32\shlwapi.dll
0x00007ffd65670000 - 0x00007ffd65681000 	C:\WINDOWS\System32\kernel.appcore.dll
0x00007ffd65700000 - 0x00007ffd6571f000 	C:\WINDOWS\System32\profapi.dll
0x00007ffd656b0000 - 0x00007ffd656fc000 	C:\WINDOWS\System32\powrprof.dll
0x00007ffd65720000 - 0x00007ffd6572a000 	C:\WINDOWS\System32\FLTLIB.DLL
0x0000000051d20000 - 0x0000000051eb9000 	C:\Program Files\Java\jdk1.8.0_191\jre\bin\awt.dll
0x00007ffd68fe0000 - 0x00007ffd690a3000 	C:\WINDOWS\System32\OLEAUT32.dll
0x00007ffd639f0000 - 0x00007ffd63a7b000 	C:\WINDOWS\SYSTEM32\apphelp.dll
0x00007ffd63b70000 - 0x00007ffd63c08000 	C:\WINDOWS\system32\uxtheme.dll
0x00007ffd691b0000 - 0x00007ffd69323000 	C:\WINDOWS\System32\MSCTF.dll
0x00007ffd63e00000 - 0x00007ffd63e29000 	C:\WINDOWS\system32\dwmapi.dll
0x00007ffd68140000 - 0x00007ffd68291000 	C:\WINDOWS\System32\ole32.dll
0x00007ffd3d5b0000 - 0x00007ffd3d6d0000 	C:\WINDOWS\system32\opengl32.dll
0x00007ffd400f0000 - 0x00007ffd4011c000 	C:\WINDOWS\SYSTEM32\GLU32.dll
0x0000000051cd0000 - 0x0000000051d17000 	C:\Program Files\Java\jdk1.8.0_191\jre\bin\fontmanager.dll
0x00007ffd69110000 - 0x00007ffd691b0000 	C:\WINDOWS\System32\clbcatq.dll
0x00007ffd61000000 - 0x00007ffd611ae000 	C:\WINDOWS\SYSTEM32\WindowsCodecs.dll
0x00007ffd4eb40000 - 0x00007ffd4eb98000 	C:\WINDOWS\system32\dataexchange.dll
0x00007ffd63220000 - 0x00007ffd633bc000 	C:\WINDOWS\system32\dcomp.dll
0x00007ffd62ee0000 - 0x00007ffd631eb000 	C:\WINDOWS\system32\d3d11.dll
0x00007ffd64430000 - 0x00007ffd644eb000 	C:\WINDOWS\system32\dxgi.dll
0x00007ffd63f90000 - 0x00007ffd64148000 	C:\WINDOWS\system32\twinapi.appcore.dll
0x00007ffd63ee0000 - 0x00007ffd63f09000 	C:\WINDOWS\system32\RMCLIENT.dll
0x0000000051ee0000 - 0x0000000051efa000 	C:\Program Files\Java\jdk1.8.0_191\jre\bin\net.dll
0x00007ffd64ef0000 - 0x00007ffd64f56000 	C:\WINDOWS\system32\mswsock.dll
0x0000000051ec0000 - 0x0000000051ed1000 	C:\Program Files\Java\jdk1.8.0_191\jre\bin\nio.dll
0x0000000051c80000 - 0x0000000051cc2000 	C:\Program Files\Java\jdk1.8.0_191\jre\bin\t2k.dll
0x00007ffd5b570000 - 0x00007ffd5b606000 	C:\WINDOWS\System32\TextInputFramework.dll
0x00007ffd60b20000 - 0x00007ffd60e3e000 	C:\WINDOWS\System32\CoreUIComponents.dll
0x00007ffd634b0000 - 0x00007ffd6358a000 	C:\WINDOWS\System32\CoreMessaging.dll
0x00007ffd617e0000 - 0x00007ffd6192d000 	C:\WINDOWS\SYSTEM32\wintypes.dll
0x00007ffd64760000 - 0x00007ffd64791000 	C:\WINDOWS\SYSTEM32\ntmarta.dll
0x00007ffd20560000 - 0x00007ffd23318000 	C:\opencv\build\java\x64\opencv_java401.dll
0x00007ffd54ef0000 - 0x00007ffd54f6b000 	C:\WINDOWS\SYSTEM32\MF.dll
0x00007ffd61240000 - 0x00007ffd6141b000 	C:\WINDOWS\SYSTEM32\MFPlat.DLL
0x00007ffd3b070000 - 0x00007ffd3b168000 	C:\WINDOWS\SYSTEM32\MFReadWrite.dll
0x00007ffd2f450000 - 0x00007ffd2f87e000 	C:\WINDOWS\SYSTEM32\MFCORE.DLL
0x00007ffd65f50000 - 0x00007ffd66132000 	C:\WINDOWS\System32\CRYPT32.dll
0x00007ffd65690000 - 0x00007ffd656a2000 	C:\WINDOWS\System32\MSASN1.dll
0x00007ffd57140000 - 0x00007ffd57149000 	C:\WINDOWS\SYSTEM32\ksuser.dll
0x00007ffd651d0000 - 0x00007ffd651f5000 	C:\WINDOWS\SYSTEM32\bcrypt.dll
0x00007ffd650c0000 - 0x00007ffd650cb000 	C:\WINDOWS\SYSTEM32\CRYPTBASE.DLL
0x00007ffd61210000 - 0x00007ffd6123e000 	C:\WINDOWS\SYSTEM32\RTWorkQ.DLL
0x00000000518f0000 - 0x00000000519c1000 	C:\Users\dangeroues-lord\AppData\Local\Temp\javacpp16215293846980\msvcr100.dll
0x0000000051850000 - 0x00000000518e8000 	C:\Users\dangeroues-lord\AppData\Local\Temp\javacpp16215293846980\msvcp100.dll
0x0000000066840000 - 0x00000000676b4000 	C:\Users\dangeroues-lord\AppData\Local\Temp\javacpp16215293846980\opencv_ffmpeg248_64.dll
0x00007ffd202e0000 - 0x00007ffd20552000 	C:\Users\dangeroues-lord\AppData\Local\Temp\javacpp16215293846980\opencv_core248.dll
0x00007ffd20020000 - 0x00007ffd202d2000 	C:\Users\dangeroues-lord\AppData\Local\Temp\javacpp16215293846980\opencv_imgproc248.dll
0x00007ffd1fdd0000 - 0x00007ffd2001d000 	C:\Users\dangeroues-lord\AppData\Local\Temp\javacpp16215293846980\opencv_highgui248.dll
0x00007ffd5d950000 - 0x00007ffd5d96f000 	C:\WINDOWS\SYSTEM32\AVIFIL32.dll
0x00007ffd5a6f0000 - 0x00007ffd5a708000 	C:\WINDOWS\SYSTEM32\AVICAP32.dll
0x00007ffd5a680000 - 0x00007ffd5a6a9000 	C:\WINDOWS\SYSTEM32\MSVFW32.dll
0x00007ffd57080000 - 0x00007ffd5709c000 	C:\WINDOWS\SYSTEM32\MSACM32.dll
0x00007ffd555a0000 - 0x00007ffd555b3000 	C:\Users\dangeroues-lord\AppData\Local\Temp\javacpp16215293846980\jniopencv_highgui.dll
0x00007ffd56140000 - 0x00007ffd56157000 	C:\Windows\System32\devenum.dll
0x00007ffd68b90000 - 0x00007ffd68fdb000 	C:\WINDOWS\System32\setupapi.dll
0x00007ffd65480000 - 0x00007ffd654a7000 	C:\WINDOWS\SYSTEM32\DEVOBJ.dll
0x00007ffd662c0000 - 0x00007ffd66317000 	C:\WINDOWS\System32\WINTRUST.dll
0x00007ffd5f5b0000 - 0x00007ffd5f5ba000 	C:\WINDOWS\SYSTEM32\msdmo.dll
0x00007ffd56100000 - 0x00007ffd56133000 	C:\Windows\System32\qcap.dll
0x00007ffd254a0000 - 0x00007ffd2565d000 	C:\Windows\System32\quartz.dll
0x00007ffd53cb0000 - 0x00007ffd53cfb000 	C:\Windows\System32\mfksproxy.dll
0x00007ffd560c0000 - 0x00007ffd560dd000 	C:\Windows\System32\ATL.DLL
0x00007ffd53c60000 - 0x00007ffd53cae000 	C:\Windows\System32\MFSENSORGROUP.dll
0x00007ffd52a10000 - 0x00007ffd52a58000 	C:\Windows\System32\ksproxy.ax
0x00007ffd40120000 - 0x00007ffd402b7000 	C:\Windows\System32\d3d9.dll
0x00007ffd5f0c0000 - 0x00007ffd5f13f000 	C:\WINDOWS\SYSTEM32\policymanager.dll
0x00007ffd627b0000 - 0x00007ffd62841000 	C:\Windows\System32\msvcp110_win.dll
0x00007ffd611f0000 - 0x00007ffd611fc000 	C:\Windows\System32\vidcap.ax
0x00007ffd54d20000 - 0x00007ffd54d46000 	C:\Windows\System32\kswdmcap.ax
0x00007ffd3acb0000 - 0x00007ffd3ae14000 	C:\Windows\System32\MFC42.dll
0x00007ffd3a610000 - 0x00007ffd3a6af000 	C:\Windows\System32\qedit.dll
0x00007ffd66980000 - 0x00007ffd66a6d000 	C:\WINDOWS\System32\COMDLG32.dll
0x00007ffd3e110000 - 0x00007ffd3e2ab000 	C:\WINDOWS\WinSxS\amd64_microsoft.windows.gdiplus_6595b64144ccf1df_1.1.17134.648_none_2c3093ce8af520a0\gdiplus.dll
0x00007ffd39640000 - 0x00007ffd39736000 	C:\Windows\System32\DDRAW.dll
0x00007ffd5f530000 - 0x00007ffd5f538000 	C:\Windows\System32\DCIMAN32.dll
0x00007ffd5ad20000 - 0x00007ffd5ad2c000 	C:\WINDOWS\SYSTEM32\msyuv.dll
0x00007ffd3b590000 - 0x00007ffd3b62a000 	C:\Users\dangeroues-lord\AppData\Local\Temp\javacpp16215293846980\jniopencv_core.dll
0x00007ffd3b4c0000 - 0x00007ffd3b58a000 	C:\Users\dangeroues-lord\AppData\Local\Temp\javacpp16215293846980\opencv_objdetect248.dll
0x00007ffd52910000 - 0x00007ffd5295b000 	C:\Users\dangeroues-lord\AppData\Local\Temp\javacpp16215293846980\jniopencv_objdetect.dll
0x00007ffd5b610000 - 0x00007ffd5b7d9000 	C:\WINDOWS\SYSTEM32\dbghelp.dll

VM Arguments:
jvm_args: -Dfile.encoding=UTF-8 -Djava.library.path=C:\opencv\build\java\x64 
java_command: ml.face
java_class_path (initial): C:\javacv-bin\javacpp.jar;C:\javacv-bin\javacv-windows-x86.jar;C:\javacv-bin\javacv-windows-x86_64.jar;C:\javacv-bin\javacv.jar;C:\javacv-cppjars\ffmpeg-2.1.1-windows-x86.jar;C:\javacv-cppjars\ffmpeg-2.1.1-windows-x86_64.jar;C:\javacv-cppjars\opencv-2.4.8-windows-x86.jar;C:\javacv-cppjars\opencv-2.4.8-windows-x86_64.jar;C:\opencv\build\java\opencv-401.jar;C:\Users\dangeroues-lord\Documents\NetBeansProjects\re\build\classes
Launcher Type: SUN_STANDARD

Environment Variables:
PATH=C:\Program Files (x86)\Common Files\Oracle\Java\javapath;C:\Program Files (x86)\Common Files\Intel\Shared Libraries\redist\intel64_win\compiler;C:\WINDOWS\system32;C:\WINDOWS;C:\WINDOWS\System32\Wbem;C:\WINDOWS\System32\WindowsPowerShell\v1.0\;C:\WINDOWS\System32\OpenSSH\;C:\Program Files\Java\jdk1.8.0_191\bin;C:\Intel\computer_vision_sdk_2018.5.456\deployment_tools\computer_vision_algorithms\bin;C:\Intel\computer_vision_sdk_2018.5.456\bin;C:\Users\dangeroues-lord\AppData\Local\Programs\Python\Python37;C:\Intel\computer_vision_sdk_2018.5.456\inference_engine\bin\intel64\Debug;C:\Intel\computer_vision_sdk_2018.5.456\opencv\bin;C:\Intel\computer_vision_sdk_2018.5.456\opencv\include\opencv2\highgui;C:\Intel\computer_vision_sdk_2018.5.456\opencv\include\opencv2\gapi;C:\Intel\computer_vision_sdk_2018.5.456\openvx\bin;C:\Program Files\dotnet\;C:\Program Files (x86)\Microsoft Visual Studio\2017\BuildTools\VC\Tools\MSVC\14.16.27023\bin\Hostx64\x64;C:\Users\dangeroues-lord\Desktop\face recognition\opencv\bin;C:\Program Files\mingw-w64\x86_64-8.1.0-win32-sjlj-rt_v6-rev0\mingw64\bin;C:\opencv\build\x64\vc15\bin;C:\opencv\build\include\opencv2;C:\Users\dangeroues-lord\AppData\Local\Microsoft\WindowsApps;C:\Intel\computer_vision_sdk_2018.5.456\openvx\include\VX;C:\Program Files (x86)\Microsoft Visual Studio\2017\BuildTools\VC\Tools\MSVC\14.16.27023\bin\Hostx64\x64;C:\opencv\buildx64\vc15\bin;
USERNAME=dangeroues-lord
OS=Windows_NT
PROCESSOR_IDENTIFIER=Intel64 Family 6 Model 37 Stepping 5, GenuineIntel



---------------  S Y S T E M  ---------------

OS: Windows 10.0 , 64 bit Build 17134 (10.0.17134.648)

CPU:total 4 (initial active 4) (2 cores per cpu, 2 threads per core) family 6 model 37 stepping 5, cmov, cx8, fxsr, mmx, sse, sse2, sse3, ssse3, sse4.1, sse4.2, popcnt, ht, tsc, tscinvbit

Memory: 4k page, physical 3985868k(898444k free), swap 4706764k(537344k free)

vm_info: Java HotSpot(TM) 64-Bit Server VM (25.191-b12) for windows-amd64 JRE (1.8.0_191-b12), built on Oct  6 2018 09:29:03 by "java_re" with MS VC++ 10.0 (VS2010)

time: Sat Apr 06 23:48:53 2019
elapsed time: 11 seconds (0d 0h 0m 11s)

