#
# A fatal error has been detected by the Java Runtime Environment:
#
#  EXCEPTION_ACCESS_VIOLATION (0xc0000005) at pc=0x00000000729f8c57, pid=6340, tid=0x0000000000001c78
#
# JRE version: Java(TM) SE Runtime Environment (8.0_191-b12) (build 1.8.0_191-b12)
# Java VM: Java HotSpot(TM) 64-Bit Server VM (25.191-b12 mixed mode windows-amd64 compressed oops)
# Problematic frame:
# V  [jvm.dll+0x148c57]
#
# Failed to write core dump. Minidumps are not enabled by default on client versions of Windows
#
# If you would like to submit a bug report, please visit:
#   http://bugreport.java.com/bugreport/crash.jsp
#

---------------  T H R E A D  ---------------

Current thread (0x0000000016dc2000):  JavaThread "AWT-EventQueue-0" [_thread_in_vm, id=7288, stack(0x0000000017d10000,0x0000000017e10000)]

siginfo: ExceptionCode=0xc0000005, reading address 0x0000000000000000

Registers:
RAX=0x0000000000000000, RBX=0x0000000016dc2000, RCX=0x0000000000000200, RDX=0x0000000000000000
RSP=0x0000000017e0c670, RBP=0x0000000000000000, RSI=0x0000000000000000, RDI=0x0000000000000000
R8 =0x0000000000000062, R9 =0x0000000000000000, R10=0x0000000073057eb0, R11=0x0000000000000000
R12=0x0000000000000062, R13=0x0000000016d69930, R14=0x0000000000000000, R15=0x00000000169c2950
RIP=0x00000000729f8c57, EFLAGS=0x0000000000010202

Top of Stack: (sp=0x0000000017e0c670)
0x0000000017e0c670:   ffffffffffffffff 0000000000000000
0x0000000017e0c680:   0000000000000000 0000000000000000
0x0000000017e0c690:   00000000028016a0 0000000000000000
0x0000000017e0c6a0:   0000000000000000 0000000000000000
0x0000000017e0c6b0:   0000000000000000 0000000000000000
0x0000000017e0c6c0:   0000000016dc21f8 00007ffa6a035e57
0x0000000017e0c6d0:   0000000000000000 0000000000000000
0x0000000017e0c6e0:   0000000017e0c928 0000000016dc21f8
0x0000000017e0c6f0:   0000000000000001 0000000000000001
0x0000000017e0c700:   0000000000000000 0000000000000000
0x0000000017e0c710:   0000000000000000 0000000000000000
0x0000000017e0c720:   0000000016d69930 0000000000000000
0x0000000017e0c730:   0000000016dc21f8 0000000000000000
0x0000000017e0c740:   0000000000000000 0000000000000000
0x0000000017e0c750:   0000000000000000 0000000000000000
0x0000000017e0c760:   0000000000000000 0000000017e0c748 

Instructions: (pc=0x00000000729f8c57)
0x00000000729f8c37:   a9 00 00 00 30 74 08 48 8b cb e8 0a b0 0f 00 c7
0x00000000729f8c47:   83 70 02 00 00 06 00 00 00 80 3d 4a be 6c 00 00
0x00000000729f8c57:   48 8b 16 74 16 44 8b 4a 08 8b 0d 02 ec 65 00 49
0x00000000729f8c67:   d3 e1 4c 03 0d f0 eb 65 00 eb 04 4c 8b 4a 08 49 


Register to memory mapping:

RAX=0x0000000000000000 is an unknown value
RBX=0x0000000016dc2000 is a thread
RCX=0x0000000000000200 is an unknown value
RDX=0x0000000000000000 is an unknown value
RSP=0x0000000017e0c670 is pointing into the stack for thread: 0x0000000016dc2000
RBP=0x0000000000000000 is an unknown value
RSI=0x0000000000000000 is an unknown value
RDI=0x0000000000000000 is an unknown value
R8 =0x0000000000000062 is an unknown value
R9 =0x0000000000000000 is an unknown value
R10=0x0000000073057eb0 is an unknown value
R11=0x0000000000000000 is an unknown value
R12=0x0000000000000062 is an unknown value
R13=0x0000000016d69930 is an unknown value
R14=0x0000000000000000 is an unknown value
R15=0x00000000169c2950 is an unknown value


Stack: [0x0000000017d10000,0x0000000017e10000],  sp=0x0000000017e0c670,  free space=1009k
Native frames: (J=compiled Java code, j=interpreted, Vv=VM code, C=native code)

Java frames: (J=compiled Java code, j=interpreted, Vv=VM code)
j  com.googlecode.javacv.cpp.opencv_objdetect$CascadeClassifier.detectMultiScale(Lcom/googlecode/javacv/cpp/opencv_core$CvArr;Lcom/googlecode/javacv/cpp/opencv_core$CvRect;DIILcom/googlecode/javacv/cpp/opencv_core$CvSize;Lcom/googlecode/javacv/cpp/opencv_core$CvSize;)V+0
j  ml.face.jButton2ActionPerformed(Ljava/awt/event/ActionEvent;)V+102
j  ml.face.access$500(Lml/face;Ljava/awt/event/ActionEvent;)V+2
j  ml.face$6.actionPerformed(Ljava/awt/event/ActionEvent;)V+5
j  javax.swing.AbstractButton.fireActionPerformed(Ljava/awt/event/ActionEvent;)V+83
j  javax.swing.AbstractButton$Handler.actionPerformed(Ljava/awt/event/ActionEvent;)V+5
j  javax.swing.DefaultButtonModel.fireActionPerformed(Ljava/awt/event/ActionEvent;)V+34
j  javax.swing.DefaultButtonModel.setPressed(Z)V+117
j  javax.swing.plaf.basic.BasicButtonListener.mouseReleased(Ljava/awt/event/MouseEvent;)V+35
j  java.awt.Component.processMouseEvent(Ljava/awt/event/MouseEvent;)V+64
j  javax.swing.JComponent.processMouseEvent(Ljava/awt/event/MouseEvent;)V+23
J 1427 C1 java.awt.Component.processEvent(Ljava/awt/AWTEvent;)V (220 bytes) @ 0x0000000002c290a4 [0x0000000002c28b80+0x524]
J 1426 C1 java.awt.Container.processEvent(Ljava/awt/AWTEvent;)V (22 bytes) @ 0x0000000002c286cc [0x0000000002c283a0+0x32c]
J 1114 C1 java.awt.Component.dispatchEventImpl(Ljava/awt/AWTEvent;)V (921 bytes) @ 0x0000000002b5cdb4 [0x0000000002b578c0+0x54f4]
J 2297 C2 java.awt.Container.dispatchEventImpl(Ljava/awt/AWTEvent;)V (129 bytes) @ 0x0000000002ca22ac [0x0000000002ca1a00+0x8ac]
J 1425 C1 java.awt.LightweightDispatcher.retargetMouseEvent(Ljava/awt/Component;ILjava/awt/event/MouseEvent;)V (372 bytes) @ 0x0000000002c26c54 [0x0000000002c24440+0x2814]
J 2297 C2 java.awt.Container.dispatchEventImpl(Ljava/awt/AWTEvent;)V (129 bytes) @ 0x0000000002ca1e68 [0x0000000002ca1a00+0x468]
J 1034 C1 java.awt.Window.dispatchEventImpl(Ljava/awt/AWTEvent;)V (23 bytes) @ 0x0000000002b239a4 [0x0000000002b233c0+0x5e4]
J 974 C1 java.awt.EventQueue.dispatchEventImpl(Ljava/awt/AWTEvent;Ljava/lang/Object;)V (149 bytes) @ 0x0000000002ada37c [0x0000000002ad8b40+0x183c]
J 972 C1 java.awt.EventQueue$3.run()Ljava/lang/Void; (60 bytes) @ 0x0000000002ad7f4c [0x0000000002ad7d40+0x20c]
J 2042 C1 java.awt.EventQueue$3.run()Ljava/lang/Object; (5 bytes) @ 0x000000000299abfc [0x000000000299ab80+0x7c]
v  ~StubRoutines::call_stub
J 635  java.security.AccessController.doPrivileged(Ljava/security/PrivilegedAction;Ljava/security/AccessControlContext;)Ljava/lang/Object; (0 bytes) @ 0x0000000002a09de6 [0x0000000002a09d80+0x66]
J 1018 C1 java.awt.EventQueue$4.run()Ljava/lang/Object; (5 bytes) @ 0x0000000002afb46c [0x0000000002afb040+0x42c]
v  ~StubRoutines::call_stub
J 635  java.security.AccessController.doPrivileged(Ljava/security/PrivilegedAction;Ljava/security/AccessControlContext;)Ljava/lang/Object; (0 bytes) @ 0x0000000002a09de6 [0x0000000002a09d80+0x66]
J 1991 C2 java.awt.EventQueue.dispatchEvent(Ljava/awt/AWTEvent;)V (80 bytes) @ 0x0000000002e15db8 [0x0000000002e15a80+0x338]
J 2251 C2 java.awt.EventDispatchThread.pumpOneEventForFilters(I)V (190 bytes) @ 0x0000000002eafb6c [0x0000000002eaf640+0x52c]
j  java.awt.EventDispatchThread.pumpEventsForFilter(ILjava/awt/Conditional;Ljava/awt/EventFilter;)V+35
j  java.awt.EventDispatchThread.pumpEventsForHierarchy(ILjava/awt/Conditional;Ljava/awt/Component;)V+11
j  java.awt.EventDispatchThread.pumpEvents(ILjava/awt/Conditional;)V+4
j  java.awt.EventDispatchThread.pumpEvents(Ljava/awt/Conditional;)V+3
j  java.awt.EventDispatchThread.run()V+9
v  ~StubRoutines::call_stub

---------------  P R O C E S S  ---------------

Java Threads: ( => current thread )
  0x0000000014cc5000 JavaThread "TimerQueue" daemon [_thread_blocked, id=6716, stack(0x0000000018f50000,0x0000000019050000)]
  0x00000000026a2800 JavaThread "DestroyJavaVM" [_thread_blocked, id=6428, stack(0x00000000025a0000,0x00000000026a0000)]
=>0x0000000016dc2000 JavaThread "AWT-EventQueue-0" [_thread_in_vm, id=7288, stack(0x0000000017d10000,0x0000000017e10000)]
  0x00000000169dc800 JavaThread "AWT-Windows" daemon [_thread_in_native, id=4500, stack(0x0000000017720000,0x0000000017820000)]
  0x00000000169da000 JavaThread "AWT-Shutdown" [_thread_blocked, id=8468, stack(0x0000000017620000,0x0000000017720000)]
  0x00000000169d9000 JavaThread "Java2D Disposer" daemon [_thread_blocked, id=2316, stack(0x0000000017520000,0x0000000017620000)]
  0x0000000016618800 JavaThread "Service Thread" daemon [_thread_blocked, id=8772, stack(0x00000000169e0000,0x0000000016ae0000)]
  0x0000000014cbb000 JavaThread "C1 CompilerThread2" daemon [_thread_blocked, id=2444, stack(0x00000000164e0000,0x00000000165e0000)]
  0x0000000014cad800 JavaThread "C2 CompilerThread1" daemon [_thread_blocked, id=8204, stack(0x00000000163e0000,0x00000000164e0000)]
  0x0000000014caa000 JavaThread "C2 CompilerThread0" daemon [_thread_blocked, id=3028, stack(0x00000000162e0000,0x00000000163e0000)]
  0x0000000014ca9000 JavaThread "Attach Listener" daemon [_thread_blocked, id=2572, stack(0x00000000161e0000,0x00000000162e0000)]
  0x0000000014ca6000 JavaThread "Signal Dispatcher" daemon [_thread_blocked, id=8096, stack(0x00000000160e0000,0x00000000161e0000)]
  0x000000000279b800 JavaThread "Finalizer" daemon [_thread_blocked, id=7284, stack(0x0000000015ef0000,0x0000000015ff0000)]
  0x0000000002792000 JavaThread "Reference Handler" daemon [_thread_blocked, id=1896, stack(0x0000000015df0000,0x0000000015ef0000)]

Other Threads:
  0x0000000014c66800 VMThread [stack: 0x0000000015cf0000,0x0000000015df0000] [id=8768]
  0x0000000014cfe000 WatcherThread [stack: 0x0000000016ae0000,0x0000000016be0000] [id=8472]

VM state:not at safepoint (normal execution)

VM Mutex/Monitor currently owned by a thread: None

Heap:
 PSYoungGen      total 19456K, used 15728K [0x00000000ebb80000, 0x00000000ed200000, 0x0000000100000000)
  eden space 15872K, 95% used [0x00000000ebb80000,0x00000000eca44328,0x00000000ecb00000)
  from space 3584K, 16% used [0x00000000ecb00000,0x00000000ecb98000,0x00000000ece80000)
  to   space 3584K, 0% used [0x00000000ece80000,0x00000000ece80000,0x00000000ed200000)
 ParOldGen       total 42496K, used 13696K [0x00000000c3200000, 0x00000000c5b80000, 0x00000000ebb80000)
  object space 42496K, 32% used [0x00000000c3200000,0x00000000c3f60170,0x00000000c5b80000)
 Metaspace       used 15579K, capacity 15778K, committed 16128K, reserved 1062912K
  class space    used 1882K, capacity 1967K, committed 2048K, reserved 1048576K

Card table byte_map: [0x0000000011b60000,0x0000000011d50000] byte_map_base: 0x0000000011547000

Marking Bits: (ParMarkBitMap*) 0x00000000730d3e30
 Begin Bits: [0x00000000122a0000, 0x00000000131d8000)
 End Bits:   [0x00000000131d8000, 0x0000000014110000)

Polling page: 0x0000000002450000

CodeCache: size=245760Kb used=8136Kb max_used=8143Kb free=237623Kb
 bounds [0x00000000027a0000, 0x0000000002fa0000, 0x00000000117a0000]
 total_blobs=3010 nmethods=2397 adapters=524
 compilation: enabled

Compilation events (10 events):
Event: 1916.899 Thread 0x0000000014cbb000 2733       3       java.net.URLClassLoader$1::run (5 bytes)
Event: 1916.899 Thread 0x0000000014cbb000 nmethod 2733 0x0000000002f83390 code [0x0000000002f83500, 0x0000000002f836a8]
Event: 1916.899 Thread 0x0000000014cbb000 2734   !   3       java.net.URLClassLoader$1::run (63 bytes)
Event: 1916.901 Thread 0x0000000014cbb000 nmethod 2734 0x0000000002f84990 code [0x0000000002f84b60, 0x0000000002f85088]
Event: 1916.906 Thread 0x0000000014caa000 nmethod 2731 0x0000000002f991d0 code [0x0000000002f99320, 0x0000000002f99af8]
Event: 1916.912 Thread 0x0000000014cad800 nmethod 2732 0x0000000002f9dad0 code [0x0000000002f9dc20, 0x0000000002f9e3b8]
Event: 1917.262 Thread 0x0000000014cbb000 2735   !   3       com.sun.proxy.$Proxy1::preload (29 bytes)
Event: 1917.263 Thread 0x0000000014cbb000 nmethod 2735 0x0000000002f9d350 code [0x0000000002f9d4e0, 0x0000000002f9d8b8]
Event: 1917.264 Thread 0x0000000014cbb000 2736   !   3       java.lang.ClassLoader::findNative (86 bytes)
Event: 1917.266 Thread 0x0000000014cbb000 nmethod 2736 0x0000000002f9c550 code [0x0000000002f9c700, 0x0000000002f9cfb8]

GC Heap History (10 events):
Event: 1486.531 GC heap before
{Heap before GC invocations=7 (full 0):
 PSYoungGen      total 18944K, used 18080K [0x00000000ebb80000, 0x00000000ed100000, 0x0000000100000000)
  eden space 15872K, 100% used [0x00000000ebb80000,0x00000000ecb00000,0x00000000ecb00000)
  from space 3072K, 71% used [0x00000000ece00000,0x00000000ed028020,0x00000000ed100000)
  to   space 3072K, 0% used [0x00000000ecb00000,0x00000000ecb00000,0x00000000ece00000)
 ParOldGen       total 42496K, used 11412K [0x00000000c3200000, 0x00000000c5b80000, 0x00000000ebb80000)
  object space 42496K, 26% used [0x00000000c3200000,0x00000000c3d25030,0x00000000c5b80000)
 Metaspace       used 13228K, capacity 13434K, committed 13824K, reserved 1060864K
  class space    used 1611K, capacity 1675K, committed 1792K, reserved 1048576K
Event: 1486.543 GC heap after
Heap after GC invocations=7 (full 0):
 PSYoungGen      total 18944K, used 256K [0x00000000ebb80000, 0x00000000ed200000, 0x0000000100000000)
  eden space 15872K, 0% used [0x00000000ebb80000,0x00000000ebb80000,0x00000000ecb00000)
  from space 3072K, 8% used [0x00000000ecb00000,0x00000000ecb40000,0x00000000ece00000)
  to   space 3584K, 0% used [0x00000000ece80000,0x00000000ece80000,0x00000000ed200000)
 ParOldGen       total 42496K, used 13425K [0x00000000c3200000, 0x00000000c5b80000, 0x00000000ebb80000)
  object space 42496K, 31% used [0x00000000c3200000,0x00000000c3f1c4c0,0x00000000c5b80000)
 Metaspace       used 13228K, capacity 13434K, committed 13824K, reserved 1060864K
  class space    used 1611K, capacity 1675K, committed 1792K, reserved 1048576K
}
Event: 1589.865 GC heap before
{Heap before GC invocations=8 (full 0):
 PSYoungGen      total 18944K, used 16128K [0x00000000ebb80000, 0x00000000ed200000, 0x0000000100000000)
  eden space 15872K, 100% used [0x00000000ebb80000,0x00000000ecb00000,0x00000000ecb00000)
  from space 3072K, 8% used [0x00000000ecb00000,0x00000000ecb40000,0x00000000ece00000)
  to   space 3584K, 0% used [0x00000000ece80000,0x00000000ece80000,0x00000000ed200000)
 ParOldGen       total 42496K, used 13425K [0x00000000c3200000, 0x00000000c5b80000, 0x00000000ebb80000)
  object space 42496K, 31% used [0x00000000c3200000,0x00000000c3f1c4c0,0x00000000c5b80000)
 Metaspace       used 13228K, capacity 13434K, committed 13824K, reserved 1060864K
  class space    used 1611K, capacity 1675K, committed 1792K, reserved 1048576K
Event: 1589.868 GC heap after
Heap after GC invocations=8 (full 0):
 PSYoungGen      total 19456K, used 192K [0x00000000ebb80000, 0x00000000ed200000, 0x0000000100000000)
  eden space 15872K, 0% used [0x00000000ebb80000,0x00000000ebb80000,0x00000000ecb00000)
  from space 3584K, 5% used [0x00000000ece80000,0x00000000eceb0000,0x00000000ed200000)
  to   space 3584K, 0% used [0x00000000ecb00000,0x00000000ecb00000,0x00000000ece80000)
 ParOldGen       total 42496K, used 13466K [0x00000000c3200000, 0x00000000c5b80000, 0x00000000ebb80000)
  object space 42496K, 31% used [0x00000000c3200000,0x00000000c3f26a80,0x00000000c5b80000)
 Metaspace       used 13228K, capacity 13434K, committed 13824K, reserved 1060864K
  class space    used 1611K, capacity 1675K, committed 1792K, reserved 1048576K
}
Event: 1691.095 GC heap before
{Heap before GC invocations=9 (full 0):
 PSYoungGen      total 19456K, used 16064K [0x00000000ebb80000, 0x00000000ed200000, 0x0000000100000000)
  eden space 15872K, 100% used [0x00000000ebb80000,0x00000000ecb00000,0x00000000ecb00000)
  from space 3584K, 5% used [0x00000000ece80000,0x00000000eceb0000,0x00000000ed200000)
  to   space 3584K, 0% used [0x00000000ecb00000,0x00000000ecb00000,0x00000000ece80000)
 ParOldGen       total 42496K, used 13466K [0x00000000c3200000, 0x00000000c5b80000, 0x00000000ebb80000)
  object space 42496K, 31% used [0x00000000c3200000,0x00000000c3f26a80,0x00000000c5b80000)
 Metaspace       used 13228K, capacity 13434K, committed 13824K, reserved 1060864K
  class space    used 1611K, capacity 1675K, committed 1792K, reserved 1048576K
Event: 1691.097 GC heap after
Heap after GC invocations=9 (full 0):
 PSYoungGen      total 19456K, used 192K [0x00000000ebb80000, 0x00000000ed200000, 0x0000000100000000)
  eden space 15872K, 0% used [0x00000000ebb80000,0x00000000ebb80000,0x00000000ecb00000)
  from space 3584K, 5% used [0x00000000ecb00000,0x00000000ecb30000,0x00000000ece80000)
  to   space 3584K, 0% used [0x00000000ece80000,0x00000000ece80000,0x00000000ed200000)
 ParOldGen       total 42496K, used 13498K [0x00000000c3200000, 0x00000000c5b80000, 0x00000000ebb80000)
  object space 42496K, 31% used [0x00000000c3200000,0x00000000c3f2ea80,0x00000000c5b80000)
 Metaspace       used 13228K, capacity 13434K, committed 13824K, reserved 1060864K
  class space    used 1611K, capacity 1675K, committed 1792K, reserved 1048576K
}
Event: 1820.817 GC heap before
{Heap before GC invocations=10 (full 0):
 PSYoungGen      total 19456K, used 16064K [0x00000000ebb80000, 0x00000000ed200000, 0x0000000100000000)
  eden space 15872K, 100% used [0x00000000ebb80000,0x00000000ecb00000,0x00000000ecb00000)
  from space 3584K, 5% used [0x00000000ecb00000,0x00000000ecb30000,0x00000000ece80000)
  to   space 3584K, 0% used [0x00000000ece80000,0x00000000ece80000,0x00000000ed200000)
 ParOldGen       total 42496K, used 13498K [0x00000000c3200000, 0x00000000c5b80000, 0x00000000ebb80000)
  object space 42496K, 31% used [0x00000000c3200000,0x00000000c3f2ea80,0x00000000c5b80000)
 Metaspace       used 13260K, capacity 13434K, committed 13824K, reserved 1060864K
  class space    used 1613K, capacity 1675K, committed 1792K, reserved 1048576K
Event: 1820.819 GC heap after
Heap after GC invocations=10 (full 0):
 PSYoungGen      total 19456K, used 352K [0x00000000ebb80000, 0x00000000ed200000, 0x0000000100000000)
  eden space 15872K, 0% used [0x00000000ebb80000,0x00000000ebb80000,0x00000000ecb00000)
  from space 3584K, 9% used [0x00000000ece80000,0x00000000eced8000,0x00000000ed200000)
  to   space 3584K, 0% used [0x00000000ecb00000,0x00000000ecb00000,0x00000000ece80000)
 ParOldGen       total 42496K, used 13522K [0x00000000c3200000, 0x00000000c5b80000, 0x00000000ebb80000)
  object space 42496K, 31% used [0x00000000c3200000,0x00000000c3f34a80,0x00000000c5b80000)
 Metaspace       used 13260K, capacity 13434K, committed 13824K, reserved 1060864K
  class space    used 1613K, capacity 1675K, committed 1792K, reserved 1048576K
}
Event: 1885.585 GC heap before
{Heap before GC invocations=11 (full 0):
 PSYoungGen      total 19456K, used 16224K [0x00000000ebb80000, 0x00000000ed200000, 0x0000000100000000)
  eden space 15872K, 100% used [0x00000000ebb80000,0x00000000ecb00000,0x00000000ecb00000)
  from space 3584K, 9% used [0x00000000ece80000,0x00000000eced8000,0x00000000ed200000)
  to   space 3584K, 0% used [0x00000000ecb00000,0x00000000ecb00000,0x00000000ece80000)
 ParOldGen       total 42496K, used 13522K [0x00000000c3200000, 0x00000000c5b80000, 0x00000000ebb80000)
  object space 42496K, 31% used [0x00000000c3200000,0x00000000c3f34a80,0x00000000c5b80000)
 Metaspace       used 13689K, capacity 13890K, committed 14080K, reserved 1060864K
  class space    used 1684K, capacity 1743K, committed 1792K, reserved 1048576K
Event: 1885.589 GC heap after
Heap after GC invocations=11 (full 0):
 PSYoungGen      total 19456K, used 608K [0x00000000ebb80000, 0x00000000ed200000, 0x0000000100000000)
  eden space 15872K, 0% used [0x00000000ebb80000,0x00000000ebb80000,0x00000000ecb00000)
  from space 3584K, 16% used [0x00000000ecb00000,0x00000000ecb98000,0x00000000ece80000)
  to   space 3584K, 0% used [0x00000000ece80000,0x00000000ece80000,0x00000000ed200000)
 ParOldGen       total 42496K, used 13696K [0x00000000c3200000, 0x00000000c5b80000, 0x00000000ebb80000)
  object space 42496K, 32% used [0x00000000c3200000,0x00000000c3f60170,0x00000000c5b80000)
 Metaspace       used 13689K, capacity 13890K, committed 14080K, reserved 1060864K
  class space    used 1684K, capacity 1743K, committed 1792K, reserved 1048576K
}

Deoptimization events (10 events):
Event: 1909.002 Thread 0x0000000016dc2000 Uncommon trap: reason=class_check action=maybe_recompile pc=0x0000000002daf0dc method=java.util.HashSet.add(Ljava/lang/Object;)Z @ 8
Event: 1911.004 Thread 0x0000000016dc2000 Uncommon trap: reason=class_check action=maybe_recompile pc=0x0000000002daf0dc method=java.util.HashSet.add(Ljava/lang/Object;)Z @ 8
Event: 1916.302 Thread 0x0000000016dc2000 Uncommon trap: reason=unstable_if action=reinterpret pc=0x0000000002a98ca4 method=java.security.AccessControlContext.optimize()Ljava/security/AccessControlContext; @ 220
Event: 1916.322 Thread 0x0000000016dc2000 Uncommon trap: reason=unstable_if action=reinterpret pc=0x00000000029cadd4 method=java.security.AccessControlContext.optimize()Ljava/security/AccessControlContext; @ 220
Event: 1916.347 Thread 0x0000000016dc2000 Uncommon trap: reason=unstable_if action=reinterpret pc=0x0000000002decdfc method=sun.awt.image.IntegerComponentRaster.verify()V @ 243
Event: 1916.347 Thread 0x0000000016dc2000 Uncommon trap: reason=unstable_if action=reinterpret pc=0x0000000002dc4cf4 method=sun.awt.image.SunVolatileImage.getFont()Ljava/awt/Font; @ 4
Event: 1916.370 Thread 0x0000000016dc2000 Uncommon trap: reason=class_check action=maybe_recompile pc=0x0000000002e0ebbc method=java.util.HashMap.removeNode(ILjava/lang/Object;Ljava/lang/Object;ZZ)Ljava/util/HashMap$Node; @ 143
Event: 1916.430 Thread 0x0000000016dc2000 Uncommon trap: reason=unstable_if action=reinterpret pc=0x0000000002a07af4 method=sun.awt.image.SunVolatileImage.getForeground()Ljava/awt/Color; @ 4
Event: 1916.430 Thread 0x0000000016dc2000 Uncommon trap: reason=unstable_if action=reinterpret pc=0x0000000002dc5718 method=sun.awt.image.SurfaceManager.getManager(Ljava/awt/Image;)Lsun/awt/image/SurfaceManager; @ 9
Event: 1916.432 Thread 0x0000000016dc2000 Uncommon trap: reason=unstable_if action=reinterpret pc=0x0000000002aa1418 method=sun.java2d.loops.Blit.getFromCache(Lsun/java2d/loops/SurfaceType;Lsun/java2d/loops/CompositeType;Lsun/java2d/loops/SurfaceType;)Lsun/java2d/loops/Blit; @ 11

Classes redefined (0 events):
No events

Internal exceptions (10 events):
Event: 0.461 Thread 0x00000000026a2800 Exception <a 'java/lang/ClassNotFoundException': ToolBarSeparator> (0x00000000ebefbbb0) thrown at [C:\re\workspace\8-2-build-windows-amd64-cygwin\jdk8u191\11896\hotspot\src\share\vm\classfile\systemDictionary.cpp, line 210]
Event: 0.461 Thread 0x00000000026a2800 Exception <a 'java/lang/ClassNotFoundException': ToolTip> (0x00000000ebefc2f0) thrown at [C:\re\workspace\8-2-build-windows-amd64-cygwin\jdk8u191\11896\hotspot\src\share\vm\classfile\systemDictionary.cpp, line 210]
Event: 0.463 Thread 0x00000000026a2800 Exception <a 'java/lang/ClassNotFoundException': Tree> (0x00000000ebefcf10) thrown at [C:\re\workspace\8-2-build-windows-amd64-cygwin\jdk8u191\11896\hotspot\src\share\vm\classfile\systemDictionary.cpp, line 210]
Event: 0.463 Thread 0x00000000026a2800 Exception <a 'java/lang/ClassNotFoundException': Tree> (0x00000000ebefd650) thrown at [C:\re\workspace\8-2-build-windows-amd64-cygwin\jdk8u191\11896\hotspot\src\share\vm\classfile\systemDictionary.cpp, line 210]
Event: 0.463 Thread 0x00000000026a2800 Exception <a 'java/lang/ClassNotFoundException': javax/swing/JTreeCell> (0x00000000ebefd9d0) thrown at [C:\re\workspace\8-2-build-windows-amd64-cygwin\jdk8u191\11896\hotspot\src\share\vm\classfile\systemDictionary.cpp, line 210]
Event: 0.463 Thread 0x00000000026a2800 Exception <a 'java/lang/ClassNotFoundException': TreeCell> (0x00000000ebefde58) thrown at [C:\re\workspace\8-2-build-windows-amd64-cygwin\jdk8u191\11896\hotspot\src\share\vm\classfile\systemDictionary.cpp, line 210]
Event: 0.464 Thread 0x00000000026a2800 Exception <a 'java/lang/ClassNotFoundException': RootPane> (0x00000000ebefe8b8) thrown at [C:\re\workspace\8-2-build-windows-amd64-cygwin\jdk8u191\11896\hotspot\src\share\vm\classfile\systemDictionary.cpp, line 210]
Event: 1703.849 Thread 0x0000000016dc2000 Implicit null exception at 0x0000000002e09502 to 0x0000000002e09751
Event: 1867.894 Thread 0x0000000016dc2000 Implicit null exception at 0x0000000002bc215f to 0x0000000002bc2201
Event: 1916.430 Thread 0x0000000016dc2000 Implicit null exception at 0x0000000002dc5098 to 0x0000000002dc56ed

Events (10 events):
Event: 1916.887 loading class com/googlecode/javacv/cpp/opencv_objdetect$CvHaarClassifier
Event: 1916.887 loading class com/googlecode/javacv/cpp/opencv_objdetect$CvHaarClassifier done
Event: 1916.887 loading class com/googlecode/javacv/cpp/opencv_objdetect$CvHaarFeature
Event: 1916.887 loading class com/googlecode/javacv/cpp/opencv_objdetect$CvHaarFeature done
Event: 1916.897 loading class org/opencv/imgcodecs/Imgcodecs
Event: 1916.897 loading class org/opencv/imgcodecs/Imgcodecs done
Event: 1916.899 loading class org/opencv/core/MatOfByte
Event: 1916.899 loading class org/opencv/core/MatOfByte done
Event: 1917.260 loading class org/opencv/core/MatOfRect
Event: 1917.260 loading class org/opencv/core/MatOfRect done


Dynamic libraries:
0x00007ff7969b0000 - 0x00007ff7969e7000 	C:\Program Files\Java\jdk1.8.0_191\bin\java.exe
0x00007ffa940d0000 - 0x00007ffa942b1000 	C:\WINDOWS\SYSTEM32\ntdll.dll
0x00007ffa92840000 - 0x00007ffa928f2000 	C:\WINDOWS\System32\KERNEL32.DLL
0x00007ffa91070000 - 0x00007ffa912e3000 	C:\WINDOWS\System32\KERNELBASE.dll
0x00007ffa93dc0000 - 0x00007ffa93e61000 	C:\WINDOWS\System32\ADVAPI32.dll
0x00007ffa91e90000 - 0x00007ffa91f2e000 	C:\WINDOWS\System32\msvcrt.dll
0x00007ffa91e30000 - 0x00007ffa91e8b000 	C:\WINDOWS\System32\sechost.dll
0x00007ffa926b0000 - 0x00007ffa927d4000 	C:\WINDOWS\System32\RPCRT4.dll
0x00007ffa92160000 - 0x00007ffa922f0000 	C:\WINDOWS\System32\USER32.dll
0x00007ffa91540000 - 0x00007ffa91560000 	C:\WINDOWS\System32\win32u.dll
0x00007ffa91700000 - 0x00007ffa91728000 	C:\WINDOWS\System32\GDI32.dll
0x00007ffa906a0000 - 0x00007ffa90832000 	C:\WINDOWS\System32\gdi32full.dll
0x00007ffa90840000 - 0x00007ffa908df000 	C:\WINDOWS\System32\msvcp_win.dll
0x00007ffa905a0000 - 0x00007ffa90698000 	C:\WINDOWS\System32\ucrtbase.dll
0x00007ffa81e20000 - 0x00007ffa82089000 	C:\WINDOWS\WinSxS\amd64_microsoft.windows.common-controls_6595b64144ccf1df_6.0.17134.648_none_fb45a0e93062a6d2\COMCTL32.dll
0x00007ffa922f0000 - 0x00007ffa92612000 	C:\WINDOWS\System32\combase.dll
0x00007ffa908e0000 - 0x00007ffa9095a000 	C:\WINDOWS\System32\bcryptPrimitives.dll
0x00007ffa92680000 - 0x00007ffa926ad000 	C:\WINDOWS\System32\IMM32.DLL
0x00000000727d0000 - 0x00000000728a2000 	C:\Program Files\Java\jdk1.8.0_191\jre\bin\msvcr100.dll
0x00000000728b0000 - 0x0000000073154000 	C:\Program Files\Java\jdk1.8.0_191\jre\bin\server\jvm.dll
0x00007ffa918a0000 - 0x00007ffa918a8000 	C:\WINDOWS\System32\PSAPI.DLL
0x00007ffa881d0000 - 0x00007ffa881d9000 	C:\WINDOWS\SYSTEM32\WSOCK32.dll
0x00007ffa8e550000 - 0x00007ffa8e573000 	C:\WINDOWS\SYSTEM32\WINMM.dll
0x00007ffa86a90000 - 0x00007ffa86a9a000 	C:\WINDOWS\SYSTEM32\VERSION.dll
0x00007ffa91970000 - 0x00007ffa919dc000 	C:\WINDOWS\System32\WS2_32.dll
0x00007ffa8e1e0000 - 0x00007ffa8e20a000 	C:\WINDOWS\SYSTEM32\winmmbase.dll
0x00007ffa90550000 - 0x00007ffa90599000 	C:\WINDOWS\System32\cfgmgr32.dll
0x0000000072780000 - 0x000000007278f000 	C:\Program Files\Java\jdk1.8.0_191\jre\bin\verify.dll
0x0000000072750000 - 0x0000000072779000 	C:\Program Files\Java\jdk1.8.0_191\jre\bin\java.dll
0x0000000072730000 - 0x0000000072746000 	C:\Program Files\Java\jdk1.8.0_191\jre\bin\zip.dll
0x00007ffa92980000 - 0x00007ffa93dc0000 	C:\WINDOWS\System32\SHELL32.dll
0x00007ffa920b0000 - 0x00007ffa92159000 	C:\WINDOWS\System32\shcore.dll
0x00007ffa90960000 - 0x00007ffa9106d000 	C:\WINDOWS\System32\windows.storage.dll
0x00007ffa927e0000 - 0x00007ffa92831000 	C:\WINDOWS\System32\shlwapi.dll
0x00007ffa90410000 - 0x00007ffa90421000 	C:\WINDOWS\System32\kernel.appcore.dll
0x00007ffa903e0000 - 0x00007ffa903ff000 	C:\WINDOWS\System32\profapi.dll
0x00007ffa90430000 - 0x00007ffa9047c000 	C:\WINDOWS\System32\powrprof.dll
0x00007ffa90400000 - 0x00007ffa9040a000 	C:\WINDOWS\System32\FLTLIB.DLL
0x0000000072550000 - 0x00000000726e9000 	C:\Program Files\Java\jdk1.8.0_191\jre\bin\awt.dll
0x00007ffa93fd0000 - 0x00007ffa94093000 	C:\WINDOWS\System32\OLEAUT32.dll
0x00007ffa8e760000 - 0x00007ffa8e7eb000 	C:\WINDOWS\SYSTEM32\apphelp.dll
0x00007ffa8e8e0000 - 0x00007ffa8e978000 	C:\WINDOWS\system32\uxtheme.dll
0x00007ffa91f30000 - 0x00007ffa920a3000 	C:\WINDOWS\System32\MSCTF.dll
0x00007ffa8eb70000 - 0x00007ffa8eb99000 	C:\WINDOWS\system32\dwmapi.dll
0x00007ffa93e70000 - 0x00007ffa93fc1000 	C:\WINDOWS\System32\ole32.dll
0x0000000072500000 - 0x0000000072547000 	C:\Program Files\Java\jdk1.8.0_191\jre\bin\fontmanager.dll
0x00007ffa7dbc0000 - 0x00007ffa7dce0000 	C:\WINDOWS\system32\opengl32.dll
0x00007ffa7db90000 - 0x00007ffa7dbbc000 	C:\WINDOWS\SYSTEM32\GLU32.dll
0x0000000072710000 - 0x000000007272a000 	C:\Program Files\Java\jdk1.8.0_191\jre\bin\net.dll
0x00007ffa8fc60000 - 0x00007ffa8fcc6000 	C:\WINDOWS\system32\mswsock.dll
0x00000000726f0000 - 0x0000000072701000 	C:\Program Files\Java\jdk1.8.0_191\jre\bin\nio.dll
0x00000000724b0000 - 0x00000000724f2000 	C:\Program Files\Java\jdk1.8.0_191\jre\bin\t2k.dll
0x00007ffa85d80000 - 0x00007ffa85e16000 	C:\WINDOWS\System32\TextInputFramework.dll
0x00007ffa8e100000 - 0x00007ffa8e1da000 	C:\WINDOWS\System32\CoreMessaging.dll
0x00007ffa8b8e0000 - 0x00007ffa8bbfe000 	C:\WINDOWS\System32\CoreUIComponents.dll
0x00007ffa8f4d0000 - 0x00007ffa8f501000 	C:\WINDOWS\SYSTEM32\ntmarta.dll
0x00007ffa8c4b0000 - 0x00007ffa8c5fd000 	C:\WINDOWS\SYSTEM32\wintypes.dll
0x0000000072470000 - 0x000000007249a000 	C:\Program Files\Java\jdk1.8.0_191\jre\bin\dcpr.dll
0x00007ffa918b0000 - 0x00007ffa91950000 	C:\WINDOWS\System32\clbcatq.dll
0x00007ffa8bdc0000 - 0x00007ffa8bf6e000 	C:\WINDOWS\SYSTEM32\WindowsCodecs.dll
0x00007ffa7a620000 - 0x00007ffa7a678000 	C:\WINDOWS\system32\dataexchange.dll
0x00007ffa8d520000 - 0x00007ffa8d82b000 	C:\WINDOWS\system32\d3d11.dll
0x00007ffa8dea0000 - 0x00007ffa8e03c000 	C:\WINDOWS\system32\dcomp.dll
0x00007ffa8f1a0000 - 0x00007ffa8f25b000 	C:\WINDOWS\system32\dxgi.dll
0x00007ffa8ed00000 - 0x00007ffa8eeb8000 	C:\WINDOWS\system32\twinapi.appcore.dll
0x00007ffa8ec50000 - 0x00007ffa8ec79000 	C:\WINDOWS\system32\RMCLIENT.dll
0x00007ffa59760000 - 0x00007ffa5c518000 	C:\opencv\build\java\x64\opencv_java401.dll
0x00007ffa8bff0000 - 0x00007ffa8c1cb000 	C:\WINDOWS\SYSTEM32\MFPlat.DLL
0x00007ffa495c0000 - 0x00007ffa496b8000 	C:\WINDOWS\SYSTEM32\MFReadWrite.dll
0x00007ffa6ec90000 - 0x00007ffa6ed0b000 	C:\WINDOWS\SYSTEM32\MF.dll
0x00007ffa68e50000 - 0x00007ffa6927e000 	C:\WINDOWS\SYSTEM32\MFCORE.DLL
0x00007ffa912f0000 - 0x00007ffa914d2000 	C:\WINDOWS\System32\CRYPT32.dll
0x00007ffa90480000 - 0x00007ffa90492000 	C:\WINDOWS\System32\MSASN1.dll
0x00007ffa88380000 - 0x00007ffa88389000 	C:\WINDOWS\SYSTEM32\ksuser.dll
0x00007ffa8ff40000 - 0x00007ffa8ff65000 	C:\WINDOWS\SYSTEM32\bcrypt.dll
0x00007ffa8fe10000 - 0x00007ffa8fe1b000 	C:\WINDOWS\SYSTEM32\CRYPTBASE.DLL
0x00007ffa8bfc0000 - 0x00007ffa8bfee000 	C:\WINDOWS\SYSTEM32\RTWorkQ.DLL
0x00000000722a0000 - 0x0000000072371000 	C:\Users\dangeroues-lord\AppData\Local\Temp\javacpp18271687995490\msvcr100.dll
0x0000000072200000 - 0x0000000072298000 	C:\Users\dangeroues-lord\AppData\Local\Temp\javacpp18271687995490\msvcp100.dll
0x0000000066840000 - 0x00000000676b4000 	C:\Users\dangeroues-lord\AppData\Local\Temp\javacpp18271687995490\opencv_ffmpeg248_64.dll
0x00007ffa594e0000 - 0x00007ffa59752000 	C:\Users\dangeroues-lord\AppData\Local\Temp\javacpp18271687995490\opencv_core248.dll
0x00007ffa59220000 - 0x00007ffa594d2000 	C:\Users\dangeroues-lord\AppData\Local\Temp\javacpp18271687995490\opencv_imgproc248.dll
0x00007ffa58fd0000 - 0x00007ffa5921d000 	C:\Users\dangeroues-lord\AppData\Local\Temp\javacpp18271687995490\opencv_highgui248.dll
0x00007ffa883a0000 - 0x00007ffa883bf000 	C:\WINDOWS\SYSTEM32\AVIFIL32.dll
0x00007ffa76f80000 - 0x00007ffa76f98000 	C:\WINDOWS\SYSTEM32\AVICAP32.dll
0x00007ffa830f0000 - 0x00007ffa8310c000 	C:\WINDOWS\SYSTEM32\MSACM32.dll
0x00007ffa6ec60000 - 0x00007ffa6ec89000 	C:\WINDOWS\SYSTEM32\MSVFW32.dll
0x00007ffa76f60000 - 0x00007ffa76f73000 	C:\Users\dangeroues-lord\AppData\Local\Temp\javacpp18271687995490\jniopencv_highgui.dll
0x00007ffa70460000 - 0x00007ffa70477000 	C:\Windows\System32\devenum.dll
0x00007ffa919e0000 - 0x00007ffa91e2b000 	C:\WINDOWS\System32\setupapi.dll
0x00007ffa90210000 - 0x00007ffa90237000 	C:\WINDOWS\SYSTEM32\DEVOBJ.dll
0x00007ffa914e0000 - 0x00007ffa91537000 	C:\WINDOWS\System32\WINTRUST.dll
0x00007ffa8c3a0000 - 0x00007ffa8c3aa000 	C:\WINDOWS\SYSTEM32\msdmo.dll
0x00007ffa6ead0000 - 0x00007ffa6eb03000 	C:\Windows\System32\qcap.dll
0x00007ffa5caa0000 - 0x00007ffa5cc5d000 	C:\Windows\System32\quartz.dll
0x00007ffa6d8e0000 - 0x00007ffa6d92b000 	C:\Windows\System32\mfksproxy.dll
0x00007ffa6ec40000 - 0x00007ffa6ec5d000 	C:\Windows\System32\ATL.DLL
0x00007ffa6d890000 - 0x00007ffa6d8de000 	C:\Windows\System32\MFSENSORGROUP.dll
0x00007ffa6d840000 - 0x00007ffa6d888000 	C:\Windows\System32\ksproxy.ax
0x00007ffa6d110000 - 0x00007ffa6d2a7000 	C:\Windows\System32\d3d9.dll
0x00007ffa89e40000 - 0x00007ffa89ebf000 	C:\WINDOWS\SYSTEM32\policymanager.dll
0x00007ffa8de00000 - 0x00007ffa8de91000 	C:\Windows\System32\msvcp110_win.dll
0x00007ffa88390000 - 0x00007ffa8839c000 	C:\Windows\System32\vidcap.ax
0x00007ffa6a070000 - 0x00007ffa6a096000 	C:\Windows\System32\kswdmcap.ax
0x00007ffa607b0000 - 0x00007ffa60914000 	C:\Windows\System32\MFC42.dll
0x00007ffa60420000 - 0x00007ffa604bf000 	C:\Windows\System32\qedit.dll
0x00007ffa917a0000 - 0x00007ffa9188d000 	C:\WINDOWS\System32\COMDLG32.dll
0x00007ffa6b350000 - 0x00007ffa6b4eb000 	C:\WINDOWS\WinSxS\amd64_microsoft.windows.gdiplus_6595b64144ccf1df_1.1.17134.648_none_2c3093ce8af520a0\gdiplus.dll
0x00007ffa5fde0000 - 0x00007ffa5fed6000 	C:\Windows\System32\DDRAW.dll
0x00007ffa881f0000 - 0x00007ffa881f8000 	C:\Windows\System32\DCIMAN32.dll
0x00007ffa87a30000 - 0x00007ffa87a3c000 	C:\WINDOWS\SYSTEM32\msyuv.dll
0x00007ffa60380000 - 0x00007ffa6041a000 	C:\Users\dangeroues-lord\AppData\Local\Temp\javacpp18271687995490\jniopencv_core.dll
0x00007ffa58f00000 - 0x00007ffa58fca000 	C:\Users\dangeroues-lord\AppData\Local\Temp\javacpp18271687995490\opencv_objdetect248.dll
0x00007ffa6a020000 - 0x00007ffa6a06b000 	C:\Users\dangeroues-lord\AppData\Local\Temp\javacpp18271687995490\jniopencv_objdetect.dll
0x00007ffa85920000 - 0x00007ffa85ae9000 	C:\WINDOWS\SYSTEM32\dbghelp.dll

VM Arguments:
jvm_args: -Dfile.encoding=UTF-8 -Djava.library.path=C:\opencv\build\java\x64 
java_command: face.Front
java_class_path (initial): C:\javacv-bin\javacpp.jar;C:\javacv-bin\javacv-windows-x86.jar;C:\javacv-bin\javacv-windows-x86_64.jar;C:\javacv-bin\javacv.jar;C:\javacv-cppjars\ffmpeg-2.1.1-windows-x86.jar;C:\javacv-cppjars\ffmpeg-2.1.1-windows-x86_64.jar;C:\javacv-cppjars\opencv-2.4.8-windows-x86.jar;C:\javacv-cppjars\opencv-2.4.8-windows-x86_64.jar;C:\opencv\build\java\opencv-401.jar;C:\Users\dangeroues-lord\Documents\NetBeansProjects\re\build\classes
Launcher Type: SUN_STANDARD

Environment Variables:
PATH=C:\Program Files (x86)\Common Files\Oracle\Java\javapath;C:\Program Files (x86)\Common Files\Intel\Shared Libraries\redist\intel64_win\compiler;C:\WINDOWS\system32;C:\WINDOWS;C:\WINDOWS\System32\Wbem;C:\WINDOWS\System32\WindowsPowerShell\v1.0\;C:\WINDOWS\System32\OpenSSH\;C:\Program Files\Java\jdk1.8.0_191\bin;C:\Intel\computer_vision_sdk_2018.5.456\deployment_tools\computer_vision_algorithms\bin;C:\Intel\computer_vision_sdk_2018.5.456\bin;C:\Users\dangeroues-lord\AppData\Local\Programs\Python\Python37;C:\Intel\computer_vision_sdk_2018.5.456\inference_engine\bin\intel64\Debug;C:\Intel\computer_vision_sdk_2018.5.456\opencv\bin;C:\Intel\computer_vision_sdk_2018.5.456\opencv\include\opencv2\highgui;C:\Intel\computer_vision_sdk_2018.5.456\opencv\include\opencv2\gapi;C:\Intel\computer_vision_sdk_2018.5.456\openvx\bin;C:\Program Files\dotnet\;C:\Program Files (x86)\Microsoft Visual Studio\2017\BuildTools\VC\Tools\MSVC\14.16.27023\bin\Hostx64\x64;C:\Users\dangeroues-lord\Desktop\face recognition\opencv\bin;C:\Program Files\mingw-w64\x86_64-8.1.0-win32-sjlj-rt_v6-rev0\mingw64\bin;C:\opencv\build\x64\vc15\bin;C:\opencv\build\include\opencv2;C:\Users\dangeroues-lord\AppData\Local\Microsoft\WindowsApps;C:\Intel\computer_vision_sdk_2018.5.456\openvx\include\VX;C:\Program Files (x86)\Microsoft Visual Studio\2017\BuildTools\VC\Tools\MSVC\14.16.27023\bin\Hostx64\x64;C:\opencv\buildx64\vc15\bin;
USERNAME=dangeroues-lord
OS=Windows_NT
PROCESSOR_IDENTIFIER=Intel64 Family 6 Model 37 Stepping 5, GenuineIntel



---------------  S Y S T E M  ---------------

OS: Windows 10.0 , 64 bit Build 17134 (10.0.17134.648)

CPU:total 4 (initial active 4) (2 cores per cpu, 2 threads per core) family 6 model 37 stepping 5, cmov, cx8, fxsr, mmx, sse, sse2, sse3, ssse3, sse4.1, sse4.2, popcnt, ht, tsc, tscinvbit

Memory: 4k page, physical 3985868k(1500720k free), swap 4706764k(1525384k free)

vm_info: Java HotSpot(TM) 64-Bit Server VM (25.191-b12) for windows-amd64 JRE (1.8.0_191-b12), built on Oct  6 2018 09:29:03 by "java_re" with MS VC++ 10.0 (VS2010)

time: Mon Apr 08 13:41:58 2019
elapsed time: 1917 seconds (0d 0h 31m 57s)

